2013-11-26T13:17:22+00:00 ERR (3): 
exception 'Mage_Core_Exception' with message 'Invalid block type: Mage_Megamenupro_Block_Megamenupro' in /home/doudeb/taff/vtngrp/www/app/Mage.php:594
Stack trace:
#0 /home/doudeb/taff/vtngrp/www/app/code/core/Mage/Core/Model/Layout.php(495): Mage::throwException('Invalid block t...')
#1 /home/doudeb/taff/vtngrp/www/app/code/core/Mage/Core/Model/Layout.php(437): Mage_Core_Model_Layout->_getBlockInstance('megamenupro/meg...', Array)
#2 /home/doudeb/taff/vtngrp/www/app/code/core/Mage/Core/Model/Layout.php(472): Mage_Core_Model_Layout->createBlock('megamenupro/meg...', '7d558bbfb1e45a1...')
#3 /home/doudeb/taff/vtngrp/www/app/code/core/Mage/Core/Model/Layout.php(239): Mage_Core_Model_Layout->addBlock('megamenupro/meg...', '7d558bbfb1e45a1...')
#4 /home/doudeb/taff/vtngrp/www/app/code/core/Mage/Core/Model/Layout.php(205): Mage_Core_Model_Layout->_generateBlock(Object(Mage_Core_Model_Layout_Element), Object(Mage_Core_Model_Layout_Element))
#5 /home/doudeb/taff/vtngrp/www/app/code/core/Mage/Core/Model/Layout.php(210): Mage_Core_Model_Layout->generateBlocks(Object(Mage_Core_Model_Layout_Element))
#6 /home/doudeb/taff/vtngrp/www/app/code/core/Mage/Core/Controller/Varien/Action.php(344): Mage_Core_Model_Layout->generateBlocks()
#7 /home/doudeb/taff/vtngrp/www/app/code/core/Mage/Cms/Helper/Page.php(113): Mage_Core_Controller_Varien_Action->generateLayoutBlocks()
#8 /home/doudeb/taff/vtngrp/www/app/code/core/Mage/Cms/Helper/Page.php(52): Mage_Cms_Helper_Page->_renderPage(Object(Mage_Cms_IndexController), 'em0067_home')
#9 /home/doudeb/taff/vtngrp/www/app/code/core/Mage/Cms/controllers/IndexController.php(45): Mage_Cms_Helper_Page->renderPage(Object(Mage_Cms_IndexController), 'em0067_home')
#10 /home/doudeb/taff/vtngrp/www/app/code/core/Mage/Core/Controller/Varien/Action.php(418): Mage_Cms_IndexController->indexAction()
#11 /home/doudeb/taff/vtngrp/www/app/code/core/Mage/Core/Controller/Varien/Router/Standard.php(250): Mage_Core_Controller_Varien_Action->dispatch('index')
#12 /home/doudeb/taff/vtngrp/www/app/code/core/Mage/Core/Controller/Varien/Front.php(172): Mage_Core_Controller_Varien_Router_Standard->match(Object(Mage_Core_Controller_Request_Http))
#13 /home/doudeb/taff/vtngrp/www/app/code/core/Mage/Core/Model/App.php(354): Mage_Core_Controller_Varien_Front->dispatch()
#14 /home/doudeb/taff/vtngrp/www/app/Mage.php(683): Mage_Core_Model_App->run(Array)
#15 /home/doudeb/taff/vtngrp/www/index.php(87): Mage::run('default', 'store')
#16 {main}
2013-11-26T13:17:30+00:00 ERR (3): 
exception 'Mage_Core_Exception' with message 'Type de bloc non valide : Mage_Megamenupro_Block_Megamenupro' in /home/doudeb/taff/vtngrp/www/app/Mage.php:594
Stack trace:
#0 /home/doudeb/taff/vtngrp/www/app/code/core/Mage/Core/Model/Layout.php(495): Mage::throwException('Type de bloc no...')
#1 /home/doudeb/taff/vtngrp/www/app/code/core/Mage/Core/Model/Layout.php(437): Mage_Core_Model_Layout->_getBlockInstance('megamenupro/meg...', Array)
#2 /home/doudeb/taff/vtngrp/www/app/code/core/Mage/Core/Model/Layout.php(472): Mage_Core_Model_Layout->createBlock('megamenupro/meg...', '7d558bbfb1e45a1...')
#3 /home/doudeb/taff/vtngrp/www/app/code/core/Mage/Core/Model/Layout.php(239): Mage_Core_Model_Layout->addBlock('megamenupro/meg...', '7d558bbfb1e45a1...')
#4 /home/doudeb/taff/vtngrp/www/app/code/core/Mage/Core/Model/Layout.php(205): Mage_Core_Model_Layout->_generateBlock(Object(Mage_Core_Model_Layout_Element), Object(Mage_Core_Model_Layout_Element))
#5 /home/doudeb/taff/vtngrp/www/app/code/core/Mage/Core/Model/Layout.php(210): Mage_Core_Model_Layout->generateBlocks(Object(Mage_Core_Model_Layout_Element))
#6 /home/doudeb/taff/vtngrp/www/app/code/core/Mage/Core/Controller/Varien/Action.php(344): Mage_Core_Model_Layout->generateBlocks()
#7 /home/doudeb/taff/vtngrp/www/app/code/core/Mage/Cms/Helper/Page.php(113): Mage_Core_Controller_Varien_Action->generateLayoutBlocks()
#8 /home/doudeb/taff/vtngrp/www/app/code/core/Mage/Cms/Helper/Page.php(52): Mage_Cms_Helper_Page->_renderPage(Object(Mage_Cms_IndexController), 'em0067_home')
#9 /home/doudeb/taff/vtngrp/www/app/code/core/Mage/Cms/controllers/IndexController.php(45): Mage_Cms_Helper_Page->renderPage(Object(Mage_Cms_IndexController), 'em0067_home')
#10 /home/doudeb/taff/vtngrp/www/app/code/core/Mage/Core/Controller/Varien/Action.php(418): Mage_Cms_IndexController->indexAction()
#11 /home/doudeb/taff/vtngrp/www/app/code/core/Mage/Core/Controller/Varien/Router/Standard.php(250): Mage_Core_Controller_Varien_Action->dispatch('index')
#12 /home/doudeb/taff/vtngrp/www/app/code/core/Mage/Core/Controller/Varien/Front.php(172): Mage_Core_Controller_Varien_Router_Standard->match(Object(Mage_Core_Controller_Request_Http))
#13 /home/doudeb/taff/vtngrp/www/app/code/core/Mage/Core/Model/App.php(354): Mage_Core_Controller_Varien_Front->dispatch()
#14 /home/doudeb/taff/vtngrp/www/app/Mage.php(683): Mage_Core_Model_App->run(Array)
#15 /home/doudeb/taff/vtngrp/www/index.php(87): Mage::run('default', 'store')
#16 {main}
2013-11-26T13:17:47+00:00 ERR (3): 
exception 'Mage_Core_Exception' with message 'Invalid block type: Mage_Megamenupro_Block_Megamenupro' in /home/doudeb/taff/vtngrp/www/app/Mage.php:594
Stack trace:
#0 /home/doudeb/taff/vtngrp/www/app/code/core/Mage/Core/Model/Layout.php(495): Mage::throwException('Invalid block t...')
#1 /home/doudeb/taff/vtngrp/www/app/code/core/Mage/Core/Model/Layout.php(437): Mage_Core_Model_Layout->_getBlockInstance('megamenupro/meg...', Array)
#2 /home/doudeb/taff/vtngrp/www/app/code/core/Mage/Core/Model/Layout.php(472): Mage_Core_Model_Layout->createBlock('megamenupro/meg...', '7d558bbfb1e45a1...')
#3 /home/doudeb/taff/vtngrp/www/app/code/core/Mage/Core/Model/Layout.php(239): Mage_Core_Model_Layout->addBlock('megamenupro/meg...', '7d558bbfb1e45a1...')
#4 /home/doudeb/taff/vtngrp/www/app/code/core/Mage/Core/Model/Layout.php(205): Mage_Core_Model_Layout->_generateBlock(Object(Mage_Core_Model_Layout_Element), Object(Mage_Core_Model_Layout_Element))
#5 /home/doudeb/taff/vtngrp/www/app/code/core/Mage/Core/Model/Layout.php(210): Mage_Core_Model_Layout->generateBlocks(Object(Mage_Core_Model_Layout_Element))
#6 /home/doudeb/taff/vtngrp/www/app/code/core/Mage/Core/Controller/Varien/Action.php(344): Mage_Core_Model_Layout->generateBlocks()
#7 /home/doudeb/taff/vtngrp/www/app/code/core/Mage/Catalog/controllers/CategoryController.php(148): Mage_Core_Controller_Varien_Action->generateLayoutBlocks()
#8 /home/doudeb/taff/vtngrp/www/app/code/core/Mage/Core/Controller/Varien/Action.php(418): Mage_Catalog_CategoryController->viewAction()
#9 /home/doudeb/taff/vtngrp/www/app/code/core/Mage/Core/Controller/Varien/Router/Standard.php(250): Mage_Core_Controller_Varien_Action->dispatch('view')
#10 /home/doudeb/taff/vtngrp/www/app/code/core/Mage/Core/Controller/Varien/Front.php(172): Mage_Core_Controller_Varien_Router_Standard->match(Object(Mage_Core_Controller_Request_Http))
#11 /home/doudeb/taff/vtngrp/www/app/code/core/Mage/Core/Model/App.php(354): Mage_Core_Controller_Varien_Front->dispatch()
#12 /home/doudeb/taff/vtngrp/www/app/Mage.php(683): Mage_Core_Model_App->run(Array)
#13 /home/doudeb/taff/vtngrp/www/index.php(87): Mage::run('default', 'store')
#14 {main}
2013-11-26T13:19:16+00:00 ERR (3): 
exception 'Mage_Core_Exception' with message 'Invalid block type: Mage_Megamenupro_Block_Megamenupro' in /home/doudeb/taff/vtngrp/www/app/Mage.php:594
Stack trace:
#0 /home/doudeb/taff/vtngrp/www/app/code/core/Mage/Core/Model/Layout.php(495): Mage::throwException('Invalid block t...')
#1 /home/doudeb/taff/vtngrp/www/app/code/core/Mage/Core/Model/Layout.php(437): Mage_Core_Model_Layout->_getBlockInstance('megamenupro/meg...', Array)
#2 /home/doudeb/taff/vtngrp/www/app/code/core/Mage/Core/Model/Layout.php(472): Mage_Core_Model_Layout->createBlock('megamenupro/meg...', '7d558bbfb1e45a1...')
#3 /home/doudeb/taff/vtngrp/www/app/code/core/Mage/Core/Model/Layout.php(239): Mage_Core_Model_Layout->addBlock('megamenupro/meg...', '7d558bbfb1e45a1...')
#4 /home/doudeb/taff/vtngrp/www/app/code/core/Mage/Core/Model/Layout.php(205): Mage_Core_Model_Layout->_generateBlock(Object(Mage_Core_Model_Layout_Element), Object(Mage_Core_Model_Layout_Element))
#5 /home/doudeb/taff/vtngrp/www/app/code/core/Mage/Core/Model/Layout.php(210): Mage_Core_Model_Layout->generateBlocks(Object(Mage_Core_Model_Layout_Element))
#6 /home/doudeb/taff/vtngrp/www/app/code/core/Mage/Core/Controller/Varien/Action.php(344): Mage_Core_Model_Layout->generateBlocks()
#7 /home/doudeb/taff/vtngrp/www/app/code/core/Mage/Catalog/Helper/Product/View.php(73): Mage_Core_Controller_Varien_Action->generateLayoutBlocks()
#8 /home/doudeb/taff/vtngrp/www/app/code/core/Mage/Catalog/Helper/Product/View.php(144): Mage_Catalog_Helper_Product_View->initProductLayout(Object(Mage_Catalog_Model_Product), Object(Mage_Catalog_ProductController))
#9 /home/doudeb/taff/vtngrp/www/app/code/core/Mage/Catalog/controllers/ProductController.php(132): Mage_Catalog_Helper_Product_View->prepareAndRender(1, Object(Mage_Catalog_ProductController), Object(Varien_Object))
#10 /home/doudeb/taff/vtngrp/www/app/code/core/Mage/Core/Controller/Varien/Action.php(418): Mage_Catalog_ProductController->viewAction()
#11 /home/doudeb/taff/vtngrp/www/app/code/core/Mage/Core/Controller/Varien/Router/Standard.php(250): Mage_Core_Controller_Varien_Action->dispatch('view')
#12 /home/doudeb/taff/vtngrp/www/app/code/core/Mage/Core/Controller/Varien/Front.php(172): Mage_Core_Controller_Varien_Router_Standard->match(Object(Mage_Core_Controller_Request_Http))
#13 /home/doudeb/taff/vtngrp/www/app/code/core/Mage/Core/Model/App.php(354): Mage_Core_Controller_Varien_Front->dispatch()
#14 /home/doudeb/taff/vtngrp/www/app/Mage.php(683): Mage_Core_Model_App->run(Array)
#15 /home/doudeb/taff/vtngrp/www/index.php(87): Mage::run('default', 'store')
#16 {main}
2013-11-26T13:21:34+00:00 ERR (3): 
exception 'Mage_Core_Exception' with message 'Invalid block type: Mage_Megamenupro_Block_Megamenupro' in /home/doudeb/taff/vtngrp/www/app/Mage.php:594
Stack trace:
#0 /home/doudeb/taff/vtngrp/www/app/code/core/Mage/Core/Model/Layout.php(495): Mage::throwException('Invalid block t...')
#1 /home/doudeb/taff/vtngrp/www/app/code/core/Mage/Core/Model/Layout.php(437): Mage_Core_Model_Layout->_getBlockInstance('megamenupro/meg...', Array)
#2 /home/doudeb/taff/vtngrp/www/app/code/core/Mage/Core/Model/Layout.php(472): Mage_Core_Model_Layout->createBlock('megamenupro/meg...', '7d558bbfb1e45a1...')
#3 /home/doudeb/taff/vtngrp/www/app/code/core/Mage/Core/Model/Layout.php(239): Mage_Core_Model_Layout->addBlock('megamenupro/meg...', '7d558bbfb1e45a1...')
#4 /home/doudeb/taff/vtngrp/www/app/code/core/Mage/Core/Model/Layout.php(205): Mage_Core_Model_Layout->_generateBlock(Object(Mage_Core_Model_Layout_Element), Object(Mage_Core_Model_Layout_Element))
#5 /home/doudeb/taff/vtngrp/www/app/code/core/Mage/Core/Model/Layout.php(210): Mage_Core_Model_Layout->generateBlocks(Object(Mage_Core_Model_Layout_Element))
#6 /home/doudeb/taff/vtngrp/www/app/code/core/Mage/Core/Controller/Varien/Action.php(344): Mage_Core_Model_Layout->generateBlocks()
#7 /home/doudeb/taff/vtngrp/www/app/code/core/Mage/Catalog/Helper/Product/View.php(73): Mage_Core_Controller_Varien_Action->generateLayoutBlocks()
#8 /home/doudeb/taff/vtngrp/www/app/code/core/Mage/Catalog/Helper/Product/View.php(144): Mage_Catalog_Helper_Product_View->initProductLayout(Object(Mage_Catalog_Model_Product), Object(Mage_Catalog_ProductController))
#9 /home/doudeb/taff/vtngrp/www/app/code/core/Mage/Catalog/controllers/ProductController.php(132): Mage_Catalog_Helper_Product_View->prepareAndRender(1, Object(Mage_Catalog_ProductController), Object(Varien_Object))
#10 /home/doudeb/taff/vtngrp/www/app/code/core/Mage/Core/Controller/Varien/Action.php(418): Mage_Catalog_ProductController->viewAction()
#11 /home/doudeb/taff/vtngrp/www/app/code/core/Mage/Core/Controller/Varien/Router/Standard.php(250): Mage_Core_Controller_Varien_Action->dispatch('view')
#12 /home/doudeb/taff/vtngrp/www/app/code/core/Mage/Core/Controller/Varien/Front.php(172): Mage_Core_Controller_Varien_Router_Standard->match(Object(Mage_Core_Controller_Request_Http))
#13 /home/doudeb/taff/vtngrp/www/app/code/core/Mage/Core/Model/App.php(354): Mage_Core_Controller_Varien_Front->dispatch()
#14 /home/doudeb/taff/vtngrp/www/app/Mage.php(683): Mage_Core_Model_App->run(Array)
#15 /home/doudeb/taff/vtngrp/www/index.php(87): Mage::run('default', 'store')
#16 {main}
2013-11-26T13:21:38+00:00 ERR (3): 
exception 'Mage_Core_Exception' with message 'Invalid block type: Mage_Megamenupro_Block_Megamenupro' in /home/doudeb/taff/vtngrp/www/app/Mage.php:594
Stack trace:
#0 /home/doudeb/taff/vtngrp/www/app/code/core/Mage/Core/Model/Layout.php(495): Mage::throwException('Invalid block t...')
#1 /home/doudeb/taff/vtngrp/www/app/code/core/Mage/Core/Model/Layout.php(437): Mage_Core_Model_Layout->_getBlockInstance('megamenupro/meg...', Array)
#2 /home/doudeb/taff/vtngrp/www/app/code/core/Mage/Core/Model/Layout.php(472): Mage_Core_Model_Layout->createBlock('megamenupro/meg...', '7d558bbfb1e45a1...')
#3 /home/doudeb/taff/vtngrp/www/app/code/core/Mage/Core/Model/Layout.php(239): Mage_Core_Model_Layout->addBlock('megamenupro/meg...', '7d558bbfb1e45a1...')
#4 /home/doudeb/taff/vtngrp/www/app/code/core/Mage/Core/Model/Layout.php(205): Mage_Core_Model_Layout->_generateBlock(Object(Mage_Core_Model_Layout_Element), Object(Mage_Core_Model_Layout_Element))
#5 /home/doudeb/taff/vtngrp/www/app/code/core/Mage/Core/Model/Layout.php(210): Mage_Core_Model_Layout->generateBlocks(Object(Mage_Core_Model_Layout_Element))
#6 /home/doudeb/taff/vtngrp/www/app/code/core/Mage/Core/Controller/Varien/Action.php(344): Mage_Core_Model_Layout->generateBlocks()
#7 /home/doudeb/taff/vtngrp/www/app/code/core/Mage/Cms/Helper/Page.php(113): Mage_Core_Controller_Varien_Action->generateLayoutBlocks()
#8 /home/doudeb/taff/vtngrp/www/app/code/core/Mage/Cms/Helper/Page.php(52): Mage_Cms_Helper_Page->_renderPage(Object(Mage_Cms_IndexController), 'em0067_home')
#9 /home/doudeb/taff/vtngrp/www/app/code/core/Mage/Cms/controllers/IndexController.php(45): Mage_Cms_Helper_Page->renderPage(Object(Mage_Cms_IndexController), 'em0067_home')
#10 /home/doudeb/taff/vtngrp/www/app/code/core/Mage/Core/Controller/Varien/Action.php(418): Mage_Cms_IndexController->indexAction()
#11 /home/doudeb/taff/vtngrp/www/app/code/core/Mage/Core/Controller/Varien/Router/Standard.php(250): Mage_Core_Controller_Varien_Action->dispatch('index')
#12 /home/doudeb/taff/vtngrp/www/app/code/core/Mage/Core/Controller/Varien/Front.php(172): Mage_Core_Controller_Varien_Router_Standard->match(Object(Mage_Core_Controller_Request_Http))
#13 /home/doudeb/taff/vtngrp/www/app/code/core/Mage/Core/Model/App.php(354): Mage_Core_Controller_Varien_Front->dispatch()
#14 /home/doudeb/taff/vtngrp/www/app/Mage.php(683): Mage_Core_Model_App->run(Array)
#15 /home/doudeb/taff/vtngrp/www/index.php(87): Mage::run('default', 'store')
#16 {main}
2013-11-26T13:22:02+00:00 ERR (3): 
exception 'Mage_Core_Exception' with message 'Invalid block type: Mage_Megamenupro_Block_Megamenupro' in /home/doudeb/taff/vtngrp/www/app/Mage.php:594
Stack trace:
#0 /home/doudeb/taff/vtngrp/www/app/code/core/Mage/Core/Model/Layout.php(495): Mage::throwException('Invalid block t...')
#1 /home/doudeb/taff/vtngrp/www/app/code/core/Mage/Core/Model/Layout.php(437): Mage_Core_Model_Layout->_getBlockInstance('megamenupro/meg...', Array)
#2 /home/doudeb/taff/vtngrp/www/app/code/core/Mage/Core/Model/Layout.php(472): Mage_Core_Model_Layout->createBlock('megamenupro/meg...', '7d558bbfb1e45a1...')
#3 /home/doudeb/taff/vtngrp/www/app/code/core/Mage/Core/Model/Layout.php(239): Mage_Core_Model_Layout->addBlock('megamenupro/meg...', '7d558bbfb1e45a1...')
#4 /home/doudeb/taff/vtngrp/www/app/code/core/Mage/Core/Model/Layout.php(205): Mage_Core_Model_Layout->_generateBlock(Object(Mage_Core_Model_Layout_Element), Object(Mage_Core_Model_Layout_Element))
#5 /home/doudeb/taff/vtngrp/www/app/code/core/Mage/Core/Model/Layout.php(210): Mage_Core_Model_Layout->generateBlocks(Object(Mage_Core_Model_Layout_Element))
#6 /home/doudeb/taff/vtngrp/www/app/code/core/Mage/Core/Controller/Varien/Action.php(344): Mage_Core_Model_Layout->generateBlocks()
#7 /home/doudeb/taff/vtngrp/www/app/code/core/Mage/Catalog/Helper/Product/View.php(73): Mage_Core_Controller_Varien_Action->generateLayoutBlocks()
#8 /home/doudeb/taff/vtngrp/www/app/code/core/Mage/Catalog/Helper/Product/View.php(144): Mage_Catalog_Helper_Product_View->initProductLayout(Object(Mage_Catalog_Model_Product), Object(Mage_Catalog_ProductController))
#9 /home/doudeb/taff/vtngrp/www/app/code/core/Mage/Catalog/controllers/ProductController.php(132): Mage_Catalog_Helper_Product_View->prepareAndRender(1, Object(Mage_Catalog_ProductController), Object(Varien_Object))
#10 /home/doudeb/taff/vtngrp/www/app/code/core/Mage/Core/Controller/Varien/Action.php(418): Mage_Catalog_ProductController->viewAction()
#11 /home/doudeb/taff/vtngrp/www/app/code/core/Mage/Core/Controller/Varien/Router/Standard.php(250): Mage_Core_Controller_Varien_Action->dispatch('view')
#12 /home/doudeb/taff/vtngrp/www/app/code/core/Mage/Core/Controller/Varien/Front.php(172): Mage_Core_Controller_Varien_Router_Standard->match(Object(Mage_Core_Controller_Request_Http))
#13 /home/doudeb/taff/vtngrp/www/app/code/core/Mage/Core/Model/App.php(354): Mage_Core_Controller_Varien_Front->dispatch()
#14 /home/doudeb/taff/vtngrp/www/app/Mage.php(683): Mage_Core_Model_App->run(Array)
#15 /home/doudeb/taff/vtngrp/www/index.php(87): Mage::run('default', 'store')
#16 {main}
2013-11-26T13:23:01+00:00 ERR (3): 
exception 'Mage_Core_Exception' with message 'Invalid block type: Mage_Megamenupro_Block_Megamenupro' in /home/doudeb/taff/vtngrp/www/app/Mage.php:594
Stack trace:
#0 /home/doudeb/taff/vtngrp/www/app/code/core/Mage/Core/Model/Layout.php(495): Mage::throwException('Invalid block t...')
#1 /home/doudeb/taff/vtngrp/www/app/code/core/Mage/Core/Model/Layout.php(437): Mage_Core_Model_Layout->_getBlockInstance('megamenupro/meg...', Array)
#2 /home/doudeb/taff/vtngrp/www/app/code/core/Mage/Core/Model/Layout.php(472): Mage_Core_Model_Layout->createBlock('megamenupro/meg...', '7d558bbfb1e45a1...')
#3 /home/doudeb/taff/vtngrp/www/app/code/core/Mage/Core/Model/Layout.php(239): Mage_Core_Model_Layout->addBlock('megamenupro/meg...', '7d558bbfb1e45a1...')
#4 /home/doudeb/taff/vtngrp/www/app/code/core/Mage/Core/Model/Layout.php(205): Mage_Core_Model_Layout->_generateBlock(Object(Mage_Core_Model_Layout_Element), Object(Mage_Core_Model_Layout_Element))
#5 /home/doudeb/taff/vtngrp/www/app/code/core/Mage/Core/Model/Layout.php(210): Mage_Core_Model_Layout->generateBlocks(Object(Mage_Core_Model_Layout_Element))
#6 /home/doudeb/taff/vtngrp/www/app/code/core/Mage/Core/Controller/Varien/Action.php(344): Mage_Core_Model_Layout->generateBlocks()
#7 /home/doudeb/taff/vtngrp/www/app/code/core/Mage/Cms/Helper/Page.php(113): Mage_Core_Controller_Varien_Action->generateLayoutBlocks()
#8 /home/doudeb/taff/vtngrp/www/app/code/core/Mage/Cms/Helper/Page.php(52): Mage_Cms_Helper_Page->_renderPage(Object(Mage_Cms_IndexController), 'em0067_home')
#9 /home/doudeb/taff/vtngrp/www/app/code/core/Mage/Cms/controllers/IndexController.php(45): Mage_Cms_Helper_Page->renderPage(Object(Mage_Cms_IndexController), 'em0067_home')
#10 /home/doudeb/taff/vtngrp/www/app/code/core/Mage/Core/Controller/Varien/Action.php(418): Mage_Cms_IndexController->indexAction()
#11 /home/doudeb/taff/vtngrp/www/app/code/core/Mage/Core/Controller/Varien/Router/Standard.php(250): Mage_Core_Controller_Varien_Action->dispatch('index')
#12 /home/doudeb/taff/vtngrp/www/app/code/core/Mage/Core/Controller/Varien/Front.php(172): Mage_Core_Controller_Varien_Router_Standard->match(Object(Mage_Core_Controller_Request_Http))
#13 /home/doudeb/taff/vtngrp/www/app/code/core/Mage/Core/Model/App.php(354): Mage_Core_Controller_Varien_Front->dispatch()
#14 /home/doudeb/taff/vtngrp/www/app/Mage.php(683): Mage_Core_Model_App->run(Array)
#15 /home/doudeb/taff/vtngrp/www/index.php(87): Mage::run('default', 'store')
#16 {main}
2013-11-26T13:23:07+00:00 ERR (3): 
exception 'Mage_Core_Exception' with message 'Invalid block type: Mage_Megamenupro_Block_Megamenupro' in /home/doudeb/taff/vtngrp/www/app/Mage.php:594
Stack trace:
#0 /home/doudeb/taff/vtngrp/www/app/code/core/Mage/Core/Model/Layout.php(495): Mage::throwException('Invalid block t...')
#1 /home/doudeb/taff/vtngrp/www/app/code/core/Mage/Core/Model/Layout.php(437): Mage_Core_Model_Layout->_getBlockInstance('megamenupro/meg...', Array)
#2 /home/doudeb/taff/vtngrp/www/app/code/core/Mage/Core/Model/Layout.php(472): Mage_Core_Model_Layout->createBlock('megamenupro/meg...', '7d558bbfb1e45a1...')
#3 /home/doudeb/taff/vtngrp/www/app/code/core/Mage/Core/Model/Layout.php(239): Mage_Core_Model_Layout->addBlock('megamenupro/meg...', '7d558bbfb1e45a1...')
#4 /home/doudeb/taff/vtngrp/www/app/code/core/Mage/Core/Model/Layout.php(205): Mage_Core_Model_Layout->_generateBlock(Object(Mage_Core_Model_Layout_Element), Object(Mage_Core_Model_Layout_Element))
#5 /home/doudeb/taff/vtngrp/www/app/code/core/Mage/Core/Model/Layout.php(210): Mage_Core_Model_Layout->generateBlocks(Object(Mage_Core_Model_Layout_Element))
#6 /home/doudeb/taff/vtngrp/www/app/code/core/Mage/Core/Controller/Varien/Action.php(344): Mage_Core_Model_Layout->generateBlocks()
#7 /home/doudeb/taff/vtngrp/www/app/code/core/Mage/Catalog/Helper/Product/View.php(73): Mage_Core_Controller_Varien_Action->generateLayoutBlocks()
#8 /home/doudeb/taff/vtngrp/www/app/code/core/Mage/Catalog/Helper/Product/View.php(144): Mage_Catalog_Helper_Product_View->initProductLayout(Object(Mage_Catalog_Model_Product), Object(Mage_Catalog_ProductController))
#9 /home/doudeb/taff/vtngrp/www/app/code/core/Mage/Catalog/controllers/ProductController.php(132): Mage_Catalog_Helper_Product_View->prepareAndRender(1, Object(Mage_Catalog_ProductController), Object(Varien_Object))
#10 /home/doudeb/taff/vtngrp/www/app/code/core/Mage/Core/Controller/Varien/Action.php(418): Mage_Catalog_ProductController->viewAction()
#11 /home/doudeb/taff/vtngrp/www/app/code/core/Mage/Core/Controller/Varien/Router/Standard.php(250): Mage_Core_Controller_Varien_Action->dispatch('view')
#12 /home/doudeb/taff/vtngrp/www/app/code/core/Mage/Core/Controller/Varien/Front.php(172): Mage_Core_Controller_Varien_Router_Standard->match(Object(Mage_Core_Controller_Request_Http))
#13 /home/doudeb/taff/vtngrp/www/app/code/core/Mage/Core/Model/App.php(354): Mage_Core_Controller_Varien_Front->dispatch()
#14 /home/doudeb/taff/vtngrp/www/app/Mage.php(683): Mage_Core_Model_App->run(Array)
#15 /home/doudeb/taff/vtngrp/www/index.php(87): Mage::run('default', 'store')
#16 {main}
2013-11-26T13:24:26+00:00 ERR (3): 
exception 'Mage_Core_Exception' with message 'Type de bloc non valide : Mage_Megamenupro_Block_Megamenupro' in /home/doudeb/taff/vtngrp/www/app/Mage.php:594
Stack trace:
#0 /home/doudeb/taff/vtngrp/www/app/code/core/Mage/Core/Model/Layout.php(495): Mage::throwException('Type de bloc no...')
#1 /home/doudeb/taff/vtngrp/www/app/code/core/Mage/Core/Model/Layout.php(437): Mage_Core_Model_Layout->_getBlockInstance('megamenupro/meg...', Array)
#2 /home/doudeb/taff/vtngrp/www/app/code/core/Mage/Core/Model/Layout.php(472): Mage_Core_Model_Layout->createBlock('megamenupro/meg...', '7d558bbfb1e45a1...')
#3 /home/doudeb/taff/vtngrp/www/app/code/core/Mage/Core/Model/Layout.php(239): Mage_Core_Model_Layout->addBlock('megamenupro/meg...', '7d558bbfb1e45a1...')
#4 /home/doudeb/taff/vtngrp/www/app/code/core/Mage/Core/Model/Layout.php(205): Mage_Core_Model_Layout->_generateBlock(Object(Mage_Core_Model_Layout_Element), Object(Mage_Core_Model_Layout_Element))
#5 /home/doudeb/taff/vtngrp/www/app/code/core/Mage/Core/Model/Layout.php(210): Mage_Core_Model_Layout->generateBlocks(Object(Mage_Core_Model_Layout_Element))
#6 /home/doudeb/taff/vtngrp/www/app/code/core/Mage/Core/Controller/Varien/Action.php(344): Mage_Core_Model_Layout->generateBlocks()
#7 /home/doudeb/taff/vtngrp/www/app/code/core/Mage/Cms/Helper/Page.php(113): Mage_Core_Controller_Varien_Action->generateLayoutBlocks()
#8 /home/doudeb/taff/vtngrp/www/app/code/core/Mage/Cms/Helper/Page.php(52): Mage_Cms_Helper_Page->_renderPage(Object(Mage_Cms_IndexController), 'no-route')
#9 /home/doudeb/taff/vtngrp/www/app/code/core/Mage/Cms/controllers/IndexController.php(75): Mage_Cms_Helper_Page->renderPage(Object(Mage_Cms_IndexController), 'no-route')
#10 /home/doudeb/taff/vtngrp/www/app/code/core/Mage/Core/Controller/Varien/Action.php(418): Mage_Cms_IndexController->noRouteAction()
#11 /home/doudeb/taff/vtngrp/www/app/code/core/Mage/Core/Controller/Varien/Router/Standard.php(250): Mage_Core_Controller_Varien_Action->dispatch('noRoute')
#12 /home/doudeb/taff/vtngrp/www/app/code/core/Mage/Core/Controller/Varien/Front.php(172): Mage_Core_Controller_Varien_Router_Standard->match(Object(Mage_Core_Controller_Request_Http))
#13 /home/doudeb/taff/vtngrp/www/app/code/core/Mage/Core/Model/App.php(354): Mage_Core_Controller_Varien_Front->dispatch()
#14 /home/doudeb/taff/vtngrp/www/app/Mage.php(683): Mage_Core_Model_App->run(Array)
#15 /home/doudeb/taff/vtngrp/www/index.php(87): Mage::run('default', 'store')
#16 {main}
