2013-11-26T13:34:20+00:00 ERR (3): Notice: Undefined index: css_class  in /home/doudeb/taff/vtngrp/www/app/code/local/EM/Megamenupro/Block/Megamenupro.php on line 32
2013-11-26T15:00:25+00:00 ERR (3): Notice: Undefined index: fluid  in /home/doudeb/taff/vtngrp/www/app/code/local/EM/Themeframework/Helper/Theme.php on line 234
2013-11-26T15:00:25+00:00 ERR (3): Notice: Undefined index: fluid  in /home/doudeb/taff/vtngrp/www/app/code/local/EM/Themeframework/Helper/Theme.php on line 244
2013-11-26T15:00:25+00:00 ERR (3): Notice: Undefined index: fluid  in /home/doudeb/taff/vtngrp/www/app/code/local/EM/Themeframework/Helper/Theme.php on line 193
2013-11-26T15:00:25+00:00 ERR (3): Notice: Undefined index: fluid  in /home/doudeb/taff/vtngrp/www/app/code/local/EM/Themeframework/Helper/Theme.php on line 193
2013-11-26T15:00:25+00:00 ERR (3): Notice: Undefined index: fluid  in /home/doudeb/taff/vtngrp/www/app/code/local/EM/Themeframework/Helper/Theme.php on line 193
2013-11-26T15:00:25+00:00 ERR (3): Notice: Undefined index: fluid  in /home/doudeb/taff/vtngrp/www/app/code/local/EM/Themeframework/Helper/Theme.php on line 183
2013-11-26T15:00:25+00:00 ERR (3): Notice: Undefined index: fluid  in /home/doudeb/taff/vtngrp/www/app/code/local/EM/Themeframework/Helper/Theme.php on line 193
2013-11-26T15:00:25+00:00 ERR (3): Notice: Undefined index: fluid  in /home/doudeb/taff/vtngrp/www/app/code/local/EM/Themeframework/Helper/Theme.php on line 234
2013-11-26T15:00:25+00:00 ERR (3): Notice: Undefined index: fluid  in /home/doudeb/taff/vtngrp/www/app/code/local/EM/Themeframework/Helper/Theme.php on line 244
2013-11-26T15:00:25+00:00 ERR (3): Notice: Undefined index: fluid  in /home/doudeb/taff/vtngrp/www/app/code/local/EM/Themeframework/Helper/Theme.php on line 234
2013-11-26T15:00:25+00:00 ERR (3): Notice: Undefined index: fluid  in /home/doudeb/taff/vtngrp/www/app/code/local/EM/Themeframework/Helper/Theme.php on line 244
2013-11-26T15:00:39+00:00 ERR (3): Notice: Undefined index: fluid  in /home/doudeb/taff/vtngrp/www/app/code/local/EM/Themeframework/Helper/Theme.php on line 234
2013-11-26T15:00:39+00:00 ERR (3): Notice: Undefined index: fluid  in /home/doudeb/taff/vtngrp/www/app/code/local/EM/Themeframework/Helper/Theme.php on line 244
2013-11-26T15:00:39+00:00 ERR (3): Notice: Undefined index: fluid  in /home/doudeb/taff/vtngrp/www/app/code/local/EM/Themeframework/Helper/Theme.php on line 193
2013-11-26T15:00:39+00:00 ERR (3): Notice: Undefined index: fluid  in /home/doudeb/taff/vtngrp/www/app/code/local/EM/Themeframework/Helper/Theme.php on line 193
2013-11-26T15:00:39+00:00 ERR (3): Notice: Undefined index: fluid  in /home/doudeb/taff/vtngrp/www/app/code/local/EM/Themeframework/Helper/Theme.php on line 193
2013-11-26T15:00:39+00:00 ERR (3): Notice: Undefined index: fluid  in /home/doudeb/taff/vtngrp/www/app/code/local/EM/Themeframework/Helper/Theme.php on line 183
2013-11-26T15:00:39+00:00 ERR (3): Notice: Undefined index: fluid  in /home/doudeb/taff/vtngrp/www/app/code/local/EM/Themeframework/Helper/Theme.php on line 193
2013-11-26T15:00:39+00:00 ERR (3): Notice: Undefined index: fluid  in /home/doudeb/taff/vtngrp/www/app/code/local/EM/Themeframework/Helper/Theme.php on line 234
2013-11-26T15:00:39+00:00 ERR (3): Notice: Undefined index: fluid  in /home/doudeb/taff/vtngrp/www/app/code/local/EM/Themeframework/Helper/Theme.php on line 244
2013-11-26T15:00:39+00:00 ERR (3): Notice: Undefined index: fluid  in /home/doudeb/taff/vtngrp/www/app/code/local/EM/Themeframework/Helper/Theme.php on line 234
2013-11-26T15:00:39+00:00 ERR (3): Notice: Undefined index: fluid  in /home/doudeb/taff/vtngrp/www/app/code/local/EM/Themeframework/Helper/Theme.php on line 244
2013-11-26T15:01:16+00:00 ERR (3): Notice: Undefined index: fluid  in /home/doudeb/taff/vtngrp/www/app/code/local/EM/Themeframework/Helper/Theme.php on line 234
2013-11-26T15:01:16+00:00 ERR (3): Notice: Undefined index: fluid  in /home/doudeb/taff/vtngrp/www/app/code/local/EM/Themeframework/Helper/Theme.php on line 244
2013-11-26T15:01:16+00:00 ERR (3): Notice: Undefined index: fluid  in /home/doudeb/taff/vtngrp/www/app/code/local/EM/Themeframework/Helper/Theme.php on line 193
2013-11-26T15:01:16+00:00 ERR (3): Notice: Undefined index: fluid  in /home/doudeb/taff/vtngrp/www/app/code/local/EM/Themeframework/Helper/Theme.php on line 193
2013-11-26T15:01:16+00:00 ERR (3): Notice: Undefined index: fluid  in /home/doudeb/taff/vtngrp/www/app/code/local/EM/Themeframework/Helper/Theme.php on line 193
2013-11-26T15:01:16+00:00 ERR (3): Notice: Undefined index: fluid  in /home/doudeb/taff/vtngrp/www/app/code/local/EM/Themeframework/Helper/Theme.php on line 183
2013-11-26T15:01:16+00:00 ERR (3): Notice: Undefined index: fluid  in /home/doudeb/taff/vtngrp/www/app/code/local/EM/Themeframework/Helper/Theme.php on line 193
2013-11-26T15:01:16+00:00 ERR (3): Notice: Undefined index: fluid  in /home/doudeb/taff/vtngrp/www/app/code/local/EM/Themeframework/Helper/Theme.php on line 234
2013-11-26T15:01:16+00:00 ERR (3): Notice: Undefined index: fluid  in /home/doudeb/taff/vtngrp/www/app/code/local/EM/Themeframework/Helper/Theme.php on line 244
2013-11-26T15:01:16+00:00 ERR (3): Notice: Undefined index: fluid  in /home/doudeb/taff/vtngrp/www/app/code/local/EM/Themeframework/Helper/Theme.php on line 234
2013-11-26T15:01:16+00:00 ERR (3): Notice: Undefined index: fluid  in /home/doudeb/taff/vtngrp/www/app/code/local/EM/Themeframework/Helper/Theme.php on line 244
2013-11-26T15:02:11+00:00 ERR (3): Notice: Undefined index: fluid  in /home/doudeb/taff/vtngrp/www/app/code/local/EM/Themeframework/Helper/Theme.php on line 234
2013-11-26T15:02:11+00:00 ERR (3): Notice: Undefined index: fluid  in /home/doudeb/taff/vtngrp/www/app/code/local/EM/Themeframework/Helper/Theme.php on line 244
2013-11-26T15:02:11+00:00 ERR (3): Notice: Undefined index: fluid  in /home/doudeb/taff/vtngrp/www/app/code/local/EM/Themeframework/Helper/Theme.php on line 193
2013-11-26T15:02:11+00:00 ERR (3): Notice: Undefined index: fluid  in /home/doudeb/taff/vtngrp/www/app/code/local/EM/Themeframework/Helper/Theme.php on line 193
2013-11-26T15:02:11+00:00 ERR (3): Notice: Undefined index: fluid  in /home/doudeb/taff/vtngrp/www/app/code/local/EM/Themeframework/Helper/Theme.php on line 193
2013-11-26T15:02:11+00:00 ERR (3): Notice: Undefined index: fluid  in /home/doudeb/taff/vtngrp/www/app/code/local/EM/Themeframework/Helper/Theme.php on line 183
2013-11-26T15:02:11+00:00 ERR (3): Notice: Undefined index: fluid  in /home/doudeb/taff/vtngrp/www/app/code/local/EM/Themeframework/Helper/Theme.php on line 193
2013-11-26T15:02:11+00:00 ERR (3): Notice: Undefined index: fluid  in /home/doudeb/taff/vtngrp/www/app/code/local/EM/Themeframework/Helper/Theme.php on line 234
2013-11-26T15:02:11+00:00 ERR (3): Notice: Undefined index: fluid  in /home/doudeb/taff/vtngrp/www/app/code/local/EM/Themeframework/Helper/Theme.php on line 244
2013-11-26T15:02:11+00:00 ERR (3): Notice: Undefined index: fluid  in /home/doudeb/taff/vtngrp/www/app/code/local/EM/Themeframework/Helper/Theme.php on line 234
2013-11-26T15:02:11+00:00 ERR (3): Notice: Undefined index: fluid  in /home/doudeb/taff/vtngrp/www/app/code/local/EM/Themeframework/Helper/Theme.php on line 244
2013-11-26T15:02:21+00:00 ERR (3): Notice: Undefined index: fluid  in /home/doudeb/taff/vtngrp/www/app/code/local/EM/Themeframework/Helper/Theme.php on line 234
2013-11-26T15:02:21+00:00 ERR (3): Notice: Undefined index: fluid  in /home/doudeb/taff/vtngrp/www/app/code/local/EM/Themeframework/Helper/Theme.php on line 244
2013-11-26T15:02:21+00:00 ERR (3): Notice: Undefined index: fluid  in /home/doudeb/taff/vtngrp/www/app/code/local/EM/Themeframework/Helper/Theme.php on line 193
2013-11-26T15:02:21+00:00 ERR (3): Notice: Undefined index: fluid  in /home/doudeb/taff/vtngrp/www/app/code/local/EM/Themeframework/Helper/Theme.php on line 193
2013-11-26T15:02:21+00:00 ERR (3): Notice: Undefined index: fluid  in /home/doudeb/taff/vtngrp/www/app/code/local/EM/Themeframework/Helper/Theme.php on line 193
2013-11-26T15:02:21+00:00 ERR (3): Notice: Undefined index: fluid  in /home/doudeb/taff/vtngrp/www/app/code/local/EM/Themeframework/Helper/Theme.php on line 183
2013-11-26T15:02:21+00:00 ERR (3): Notice: Undefined index: fluid  in /home/doudeb/taff/vtngrp/www/app/code/local/EM/Themeframework/Helper/Theme.php on line 193
2013-11-26T15:02:21+00:00 ERR (3): Notice: Undefined index: fluid  in /home/doudeb/taff/vtngrp/www/app/code/local/EM/Themeframework/Helper/Theme.php on line 234
2013-11-26T15:02:21+00:00 ERR (3): Notice: Undefined index: fluid  in /home/doudeb/taff/vtngrp/www/app/code/local/EM/Themeframework/Helper/Theme.php on line 244
2013-11-26T15:02:21+00:00 ERR (3): Notice: Undefined index: fluid  in /home/doudeb/taff/vtngrp/www/app/code/local/EM/Themeframework/Helper/Theme.php on line 234
2013-11-26T15:02:21+00:00 ERR (3): Notice: Undefined index: fluid  in /home/doudeb/taff/vtngrp/www/app/code/local/EM/Themeframework/Helper/Theme.php on line 244
2013-11-26T15:02:37+00:00 ERR (3): Notice: Undefined index: fluid  in /home/doudeb/taff/vtngrp/www/app/code/local/EM/Themeframework/Helper/Theme.php on line 234
2013-11-26T15:02:37+00:00 ERR (3): Notice: Undefined index: fluid  in /home/doudeb/taff/vtngrp/www/app/code/local/EM/Themeframework/Helper/Theme.php on line 244
2013-11-26T15:02:37+00:00 ERR (3): Notice: Undefined index: fluid  in /home/doudeb/taff/vtngrp/www/app/code/local/EM/Themeframework/Helper/Theme.php on line 193
2013-11-26T15:02:37+00:00 ERR (3): Notice: Undefined index: fluid  in /home/doudeb/taff/vtngrp/www/app/code/local/EM/Themeframework/Helper/Theme.php on line 193
2013-11-26T15:02:37+00:00 ERR (3): Notice: Undefined index: fluid  in /home/doudeb/taff/vtngrp/www/app/code/local/EM/Themeframework/Helper/Theme.php on line 193
2013-11-26T15:02:37+00:00 ERR (3): Notice: Undefined index: fluid  in /home/doudeb/taff/vtngrp/www/app/code/local/EM/Themeframework/Helper/Theme.php on line 183
2013-11-26T15:02:37+00:00 ERR (3): Notice: Undefined index: fluid  in /home/doudeb/taff/vtngrp/www/app/code/local/EM/Themeframework/Helper/Theme.php on line 193
2013-11-26T15:02:37+00:00 ERR (3): Notice: Undefined index: fluid  in /home/doudeb/taff/vtngrp/www/app/code/local/EM/Themeframework/Helper/Theme.php on line 234
2013-11-26T15:02:37+00:00 ERR (3): Notice: Undefined index: fluid  in /home/doudeb/taff/vtngrp/www/app/code/local/EM/Themeframework/Helper/Theme.php on line 244
2013-11-26T15:02:37+00:00 ERR (3): Notice: Undefined index: fluid  in /home/doudeb/taff/vtngrp/www/app/code/local/EM/Themeframework/Helper/Theme.php on line 234
2013-11-26T15:02:37+00:00 ERR (3): Notice: Undefined index: fluid  in /home/doudeb/taff/vtngrp/www/app/code/local/EM/Themeframework/Helper/Theme.php on line 244
2013-11-26T15:02:48+00:00 ERR (3): Notice: Undefined index: fluid  in /home/doudeb/taff/vtngrp/www/app/code/local/EM/Themeframework/Helper/Theme.php on line 234
2013-11-26T15:02:48+00:00 ERR (3): Notice: Undefined index: fluid  in /home/doudeb/taff/vtngrp/www/app/code/local/EM/Themeframework/Helper/Theme.php on line 244
2013-11-26T15:02:48+00:00 ERR (3): Notice: Undefined index: fluid  in /home/doudeb/taff/vtngrp/www/app/code/local/EM/Themeframework/Helper/Theme.php on line 193
2013-11-26T15:02:48+00:00 ERR (3): Notice: Undefined index: fluid  in /home/doudeb/taff/vtngrp/www/app/code/local/EM/Themeframework/Helper/Theme.php on line 193
2013-11-26T15:02:48+00:00 ERR (3): Notice: Undefined index: fluid  in /home/doudeb/taff/vtngrp/www/app/code/local/EM/Themeframework/Helper/Theme.php on line 193
2013-11-26T15:02:48+00:00 ERR (3): Notice: Undefined index: fluid  in /home/doudeb/taff/vtngrp/www/app/code/local/EM/Themeframework/Helper/Theme.php on line 183
2013-11-26T15:02:48+00:00 ERR (3): Notice: Undefined index: fluid  in /home/doudeb/taff/vtngrp/www/app/code/local/EM/Themeframework/Helper/Theme.php on line 193
2013-11-26T15:02:48+00:00 ERR (3): Notice: Undefined index: fluid  in /home/doudeb/taff/vtngrp/www/app/code/local/EM/Themeframework/Helper/Theme.php on line 234
2013-11-26T15:02:48+00:00 ERR (3): Notice: Undefined index: fluid  in /home/doudeb/taff/vtngrp/www/app/code/local/EM/Themeframework/Helper/Theme.php on line 244
2013-11-26T15:02:48+00:00 ERR (3): Notice: Undefined index: fluid  in /home/doudeb/taff/vtngrp/www/app/code/local/EM/Themeframework/Helper/Theme.php on line 234
2013-11-26T15:02:48+00:00 ERR (3): Notice: Undefined index: fluid  in /home/doudeb/taff/vtngrp/www/app/code/local/EM/Themeframework/Helper/Theme.php on line 244
2013-11-26T15:02:51+00:00 ERR (3): Notice: Undefined index: fluid  in /home/doudeb/taff/vtngrp/www/app/code/local/EM/Themeframework/Helper/Theme.php on line 234
2013-11-26T15:02:51+00:00 ERR (3): Notice: Undefined index: fluid  in /home/doudeb/taff/vtngrp/www/app/code/local/EM/Themeframework/Helper/Theme.php on line 244
2013-11-26T15:02:51+00:00 ERR (3): Notice: Undefined index: fluid  in /home/doudeb/taff/vtngrp/www/app/code/local/EM/Themeframework/Helper/Theme.php on line 193
2013-11-26T15:02:51+00:00 ERR (3): Notice: Undefined index: fluid  in /home/doudeb/taff/vtngrp/www/app/code/local/EM/Themeframework/Helper/Theme.php on line 193
2013-11-26T15:02:51+00:00 ERR (3): Notice: Undefined index: fluid  in /home/doudeb/taff/vtngrp/www/app/code/local/EM/Themeframework/Helper/Theme.php on line 193
2013-11-26T15:02:51+00:00 ERR (3): Notice: Undefined index: fluid  in /home/doudeb/taff/vtngrp/www/app/code/local/EM/Themeframework/Helper/Theme.php on line 183
2013-11-26T15:02:51+00:00 ERR (3): Notice: Undefined index: fluid  in /home/doudeb/taff/vtngrp/www/app/code/local/EM/Themeframework/Helper/Theme.php on line 193
2013-11-26T15:02:51+00:00 ERR (3): Notice: Undefined index: fluid  in /home/doudeb/taff/vtngrp/www/app/code/local/EM/Themeframework/Helper/Theme.php on line 234
2013-11-26T15:02:51+00:00 ERR (3): Notice: Undefined index: fluid  in /home/doudeb/taff/vtngrp/www/app/code/local/EM/Themeframework/Helper/Theme.php on line 244
2013-11-26T15:02:51+00:00 ERR (3): Notice: Undefined index: fluid  in /home/doudeb/taff/vtngrp/www/app/code/local/EM/Themeframework/Helper/Theme.php on line 234
2013-11-26T15:02:51+00:00 ERR (3): Notice: Undefined index: fluid  in /home/doudeb/taff/vtngrp/www/app/code/local/EM/Themeframework/Helper/Theme.php on line 244
2013-11-26T15:06:42+00:00 ERR (3): Notice: Undefined index: fluid  in /home/doudeb/taff/vtngrp/www/app/code/local/EM/Themeframework/Helper/Theme.php on line 234
2013-11-26T15:06:42+00:00 ERR (3): Notice: Undefined index: fluid  in /home/doudeb/taff/vtngrp/www/app/code/local/EM/Themeframework/Helper/Theme.php on line 244
2013-11-26T15:06:42+00:00 ERR (3): Notice: Undefined index: fluid  in /home/doudeb/taff/vtngrp/www/app/code/local/EM/Themeframework/Helper/Theme.php on line 193
2013-11-26T15:06:42+00:00 ERR (3): Notice: Undefined index: fluid  in /home/doudeb/taff/vtngrp/www/app/code/local/EM/Themeframework/Helper/Theme.php on line 193
2013-11-26T15:06:42+00:00 ERR (3): Notice: Undefined index: fluid  in /home/doudeb/taff/vtngrp/www/app/code/local/EM/Themeframework/Helper/Theme.php on line 193
2013-11-26T15:06:42+00:00 ERR (3): Notice: Undefined index: fluid  in /home/doudeb/taff/vtngrp/www/app/code/local/EM/Themeframework/Helper/Theme.php on line 183
2013-11-26T15:06:42+00:00 ERR (3): Notice: Undefined index: fluid  in /home/doudeb/taff/vtngrp/www/app/code/local/EM/Themeframework/Helper/Theme.php on line 193
2013-11-26T15:06:42+00:00 ERR (3): Notice: Undefined index: fluid  in /home/doudeb/taff/vtngrp/www/app/code/local/EM/Themeframework/Helper/Theme.php on line 234
2013-11-26T15:06:42+00:00 ERR (3): Notice: Undefined index: fluid  in /home/doudeb/taff/vtngrp/www/app/code/local/EM/Themeframework/Helper/Theme.php on line 244
2013-11-26T15:06:42+00:00 ERR (3): Notice: Undefined index: fluid  in /home/doudeb/taff/vtngrp/www/app/code/local/EM/Themeframework/Helper/Theme.php on line 234
2013-11-26T15:06:42+00:00 ERR (3): Notice: Undefined index: fluid  in /home/doudeb/taff/vtngrp/www/app/code/local/EM/Themeframework/Helper/Theme.php on line 244
2013-11-26T15:13:16+00:00 ERR (3): Notice: Undefined index: fluid  in /home/doudeb/taff/vtngrp/www/app/code/local/EM/Themeframework/Helper/Theme.php on line 234
2013-11-26T15:13:16+00:00 ERR (3): Notice: Undefined index: fluid  in /home/doudeb/taff/vtngrp/www/app/code/local/EM/Themeframework/Helper/Theme.php on line 244
2013-11-26T15:13:16+00:00 ERR (3): Notice: Undefined index: fluid  in /home/doudeb/taff/vtngrp/www/app/code/local/EM/Themeframework/Helper/Theme.php on line 193
2013-11-26T15:13:16+00:00 ERR (3): Notice: Undefined index: fluid  in /home/doudeb/taff/vtngrp/www/app/code/local/EM/Themeframework/Helper/Theme.php on line 193
2013-11-26T15:13:16+00:00 ERR (3): Notice: Undefined index: fluid  in /home/doudeb/taff/vtngrp/www/app/code/local/EM/Themeframework/Helper/Theme.php on line 193
2013-11-26T15:13:16+00:00 ERR (3): Notice: Undefined index: fluid  in /home/doudeb/taff/vtngrp/www/app/code/local/EM/Themeframework/Helper/Theme.php on line 183
2013-11-26T15:13:16+00:00 ERR (3): Notice: Undefined index: fluid  in /home/doudeb/taff/vtngrp/www/app/code/local/EM/Themeframework/Helper/Theme.php on line 193
2013-11-26T15:13:16+00:00 ERR (3): Notice: Undefined index: fluid  in /home/doudeb/taff/vtngrp/www/app/code/local/EM/Themeframework/Helper/Theme.php on line 234
2013-11-26T15:13:16+00:00 ERR (3): Notice: Undefined index: fluid  in /home/doudeb/taff/vtngrp/www/app/code/local/EM/Themeframework/Helper/Theme.php on line 244
2013-11-26T15:13:16+00:00 ERR (3): Notice: Undefined index: fluid  in /home/doudeb/taff/vtngrp/www/app/code/local/EM/Themeframework/Helper/Theme.php on line 234
2013-11-26T15:13:16+00:00 ERR (3): Notice: Undefined index: fluid  in /home/doudeb/taff/vtngrp/www/app/code/local/EM/Themeframework/Helper/Theme.php on line 244
2013-11-26T15:13:24+00:00 ERR (3): Notice: Undefined index: fluid  in /home/doudeb/taff/vtngrp/www/app/code/local/EM/Themeframework/Helper/Theme.php on line 234
2013-11-26T15:13:24+00:00 ERR (3): Notice: Undefined index: fluid  in /home/doudeb/taff/vtngrp/www/app/code/local/EM/Themeframework/Helper/Theme.php on line 244
2013-11-26T15:13:24+00:00 ERR (3): Notice: Undefined index: fluid  in /home/doudeb/taff/vtngrp/www/app/code/local/EM/Themeframework/Helper/Theme.php on line 193
2013-11-26T15:13:24+00:00 ERR (3): Notice: Undefined index: fluid  in /home/doudeb/taff/vtngrp/www/app/code/local/EM/Themeframework/Helper/Theme.php on line 193
2013-11-26T15:13:24+00:00 ERR (3): Notice: Undefined index: fluid  in /home/doudeb/taff/vtngrp/www/app/code/local/EM/Themeframework/Helper/Theme.php on line 193
2013-11-26T15:13:24+00:00 ERR (3): Notice: Undefined index: fluid  in /home/doudeb/taff/vtngrp/www/app/code/local/EM/Themeframework/Helper/Theme.php on line 183
2013-11-26T15:13:24+00:00 ERR (3): Notice: Undefined index: fluid  in /home/doudeb/taff/vtngrp/www/app/code/local/EM/Themeframework/Helper/Theme.php on line 193
2013-11-26T15:13:24+00:00 ERR (3): Notice: Undefined index: fluid  in /home/doudeb/taff/vtngrp/www/app/code/local/EM/Themeframework/Helper/Theme.php on line 234
2013-11-26T15:13:24+00:00 ERR (3): Notice: Undefined index: fluid  in /home/doudeb/taff/vtngrp/www/app/code/local/EM/Themeframework/Helper/Theme.php on line 244
2013-11-26T15:13:24+00:00 ERR (3): Notice: Undefined index: fluid  in /home/doudeb/taff/vtngrp/www/app/code/local/EM/Themeframework/Helper/Theme.php on line 234
2013-11-26T15:13:24+00:00 ERR (3): Notice: Undefined index: fluid  in /home/doudeb/taff/vtngrp/www/app/code/local/EM/Themeframework/Helper/Theme.php on line 244
2013-11-26T15:15:43+00:00 ERR (3): Notice: Undefined index: fluid  in /home/doudeb/taff/vtngrp/www/app/code/local/EM/Themeframework/Helper/Theme.php on line 234
2013-11-26T15:15:43+00:00 ERR (3): Notice: Undefined index: fluid  in /home/doudeb/taff/vtngrp/www/app/code/local/EM/Themeframework/Helper/Theme.php on line 244
2013-11-26T15:15:43+00:00 ERR (3): Notice: Undefined index: fluid  in /home/doudeb/taff/vtngrp/www/app/code/local/EM/Themeframework/Helper/Theme.php on line 193
2013-11-26T15:15:43+00:00 ERR (3): Notice: Undefined index: fluid  in /home/doudeb/taff/vtngrp/www/app/code/local/EM/Themeframework/Helper/Theme.php on line 193
2013-11-26T15:15:43+00:00 ERR (3): Notice: Undefined index: fluid  in /home/doudeb/taff/vtngrp/www/app/code/local/EM/Themeframework/Helper/Theme.php on line 193
2013-11-26T15:15:43+00:00 ERR (3): Notice: Undefined index: fluid  in /home/doudeb/taff/vtngrp/www/app/code/local/EM/Themeframework/Helper/Theme.php on line 183
2013-11-26T15:15:43+00:00 ERR (3): Notice: Undefined index: fluid  in /home/doudeb/taff/vtngrp/www/app/code/local/EM/Themeframework/Helper/Theme.php on line 193
2013-11-26T15:15:43+00:00 ERR (3): Notice: Undefined index: fluid  in /home/doudeb/taff/vtngrp/www/app/code/local/EM/Themeframework/Helper/Theme.php on line 234
2013-11-26T15:15:43+00:00 ERR (3): Notice: Undefined index: fluid  in /home/doudeb/taff/vtngrp/www/app/code/local/EM/Themeframework/Helper/Theme.php on line 244
2013-11-26T15:15:43+00:00 ERR (3): Notice: Undefined index: fluid  in /home/doudeb/taff/vtngrp/www/app/code/local/EM/Themeframework/Helper/Theme.php on line 234
2013-11-26T15:15:43+00:00 ERR (3): Notice: Undefined index: fluid  in /home/doudeb/taff/vtngrp/www/app/code/local/EM/Themeframework/Helper/Theme.php on line 244
2013-11-26T15:16:06+00:00 ERR (3): Notice: Undefined index: fluid  in /home/doudeb/taff/vtngrp/www/app/code/local/EM/Themeframework/Helper/Theme.php on line 234
2013-11-26T15:16:06+00:00 ERR (3): Notice: Undefined index: fluid  in /home/doudeb/taff/vtngrp/www/app/code/local/EM/Themeframework/Helper/Theme.php on line 244
2013-11-26T15:16:06+00:00 ERR (3): Notice: Undefined index: fluid  in /home/doudeb/taff/vtngrp/www/app/code/local/EM/Themeframework/Helper/Theme.php on line 193
2013-11-26T15:16:06+00:00 ERR (3): Notice: Undefined index: fluid  in /home/doudeb/taff/vtngrp/www/app/code/local/EM/Themeframework/Helper/Theme.php on line 193
2013-11-26T15:16:06+00:00 ERR (3): Notice: Undefined index: fluid  in /home/doudeb/taff/vtngrp/www/app/code/local/EM/Themeframework/Helper/Theme.php on line 193
2013-11-26T15:16:06+00:00 ERR (3): Notice: Undefined index: fluid  in /home/doudeb/taff/vtngrp/www/app/code/local/EM/Themeframework/Helper/Theme.php on line 183
2013-11-26T15:16:06+00:00 ERR (3): Notice: Undefined index: fluid  in /home/doudeb/taff/vtngrp/www/app/code/local/EM/Themeframework/Helper/Theme.php on line 193
2013-11-26T15:16:06+00:00 ERR (3): Notice: Undefined index: fluid  in /home/doudeb/taff/vtngrp/www/app/code/local/EM/Themeframework/Helper/Theme.php on line 234
2013-11-26T15:16:06+00:00 ERR (3): Notice: Undefined index: fluid  in /home/doudeb/taff/vtngrp/www/app/code/local/EM/Themeframework/Helper/Theme.php on line 244
2013-11-26T15:16:06+00:00 ERR (3): Notice: Undefined index: fluid  in /home/doudeb/taff/vtngrp/www/app/code/local/EM/Themeframework/Helper/Theme.php on line 234
2013-11-26T15:16:06+00:00 ERR (3): Notice: Undefined index: fluid  in /home/doudeb/taff/vtngrp/www/app/code/local/EM/Themeframework/Helper/Theme.php on line 244
2013-11-26T15:26:09+00:00 ERR (3): Notice: Undefined index: fluid  in /home/doudeb/taff/vtngrp/www/app/code/local/EM/Themeframework/Helper/Theme.php on line 234
2013-11-26T15:26:09+00:00 ERR (3): Notice: Undefined index: fluid  in /home/doudeb/taff/vtngrp/www/app/code/local/EM/Themeframework/Helper/Theme.php on line 244
2013-11-26T15:26:09+00:00 ERR (3): Notice: Undefined index: fluid  in /home/doudeb/taff/vtngrp/www/app/code/local/EM/Themeframework/Helper/Theme.php on line 193
2013-11-26T15:26:09+00:00 ERR (3): Warning: implode(): Invalid arguments passed  in /home/doudeb/taff/vtngrp/www/app/code/local/EM/Recentreviewproducts/Block/List.php on line 392
2013-11-26T15:26:09+00:00 ERR (3): Notice: Undefined index: fluid  in /home/doudeb/taff/vtngrp/www/app/code/local/EM/Themeframework/Helper/Theme.php on line 193
2013-11-26T15:26:09+00:00 ERR (3): Notice: Undefined index: fluid  in /home/doudeb/taff/vtngrp/www/app/code/local/EM/Themeframework/Helper/Theme.php on line 193
2013-11-26T15:26:09+00:00 ERR (3): Notice: Undefined index: fluid  in /home/doudeb/taff/vtngrp/www/app/code/local/EM/Themeframework/Helper/Theme.php on line 183
2013-11-26T15:26:09+00:00 ERR (3): Notice: Undefined index: fluid  in /home/doudeb/taff/vtngrp/www/app/code/local/EM/Themeframework/Helper/Theme.php on line 193
2013-11-26T15:26:09+00:00 ERR (3): Notice: Undefined index: fluid  in /home/doudeb/taff/vtngrp/www/app/code/local/EM/Themeframework/Helper/Theme.php on line 234
2013-11-26T15:26:09+00:00 ERR (3): Notice: Undefined index: fluid  in /home/doudeb/taff/vtngrp/www/app/code/local/EM/Themeframework/Helper/Theme.php on line 244
2013-11-26T15:26:09+00:00 ERR (3): Notice: Undefined index: fluid  in /home/doudeb/taff/vtngrp/www/app/code/local/EM/Themeframework/Helper/Theme.php on line 234
2013-11-26T15:26:09+00:00 ERR (3): Notice: Undefined index: fluid  in /home/doudeb/taff/vtngrp/www/app/code/local/EM/Themeframework/Helper/Theme.php on line 244
2013-11-26T15:26:16+00:00 ERR (3): Notice: Undefined index: fluid  in /home/doudeb/taff/vtngrp/www/app/code/local/EM/Themeframework/Helper/Theme.php on line 234
2013-11-26T15:26:16+00:00 ERR (3): Notice: Undefined index: fluid  in /home/doudeb/taff/vtngrp/www/app/code/local/EM/Themeframework/Helper/Theme.php on line 244
2013-11-26T15:26:16+00:00 ERR (3): Notice: Undefined index: fluid  in /home/doudeb/taff/vtngrp/www/app/code/local/EM/Themeframework/Helper/Theme.php on line 193
2013-11-26T15:26:16+00:00 ERR (3): Warning: implode(): Invalid arguments passed  in /home/doudeb/taff/vtngrp/www/app/code/local/EM/Recentreviewproducts/Block/List.php on line 392
2013-11-26T15:26:16+00:00 ERR (3): Notice: Undefined index: fluid  in /home/doudeb/taff/vtngrp/www/app/code/local/EM/Themeframework/Helper/Theme.php on line 193
2013-11-26T15:26:16+00:00 ERR (3): Notice: Undefined index: fluid  in /home/doudeb/taff/vtngrp/www/app/code/local/EM/Themeframework/Helper/Theme.php on line 193
2013-11-26T15:26:16+00:00 ERR (3): Notice: Undefined index: fluid  in /home/doudeb/taff/vtngrp/www/app/code/local/EM/Themeframework/Helper/Theme.php on line 183
2013-11-26T15:26:16+00:00 ERR (3): Notice: Undefined index: fluid  in /home/doudeb/taff/vtngrp/www/app/code/local/EM/Themeframework/Helper/Theme.php on line 193
2013-11-26T15:26:16+00:00 ERR (3): Notice: Undefined index: fluid  in /home/doudeb/taff/vtngrp/www/app/code/local/EM/Themeframework/Helper/Theme.php on line 234
2013-11-26T15:26:16+00:00 ERR (3): Notice: Undefined index: fluid  in /home/doudeb/taff/vtngrp/www/app/code/local/EM/Themeframework/Helper/Theme.php on line 244
2013-11-26T15:26:16+00:00 ERR (3): Notice: Undefined index: fluid  in /home/doudeb/taff/vtngrp/www/app/code/local/EM/Themeframework/Helper/Theme.php on line 234
2013-11-26T15:26:16+00:00 ERR (3): Notice: Undefined index: fluid  in /home/doudeb/taff/vtngrp/www/app/code/local/EM/Themeframework/Helper/Theme.php on line 244
2013-11-26T15:26:21+00:00 ERR (3): Notice: Undefined index: fluid  in /home/doudeb/taff/vtngrp/www/app/code/local/EM/Themeframework/Helper/Theme.php on line 234
2013-11-26T15:26:21+00:00 ERR (3): Notice: Undefined index: fluid  in /home/doudeb/taff/vtngrp/www/app/code/local/EM/Themeframework/Helper/Theme.php on line 244
2013-11-26T15:26:21+00:00 ERR (3): Notice: Undefined index: fluid  in /home/doudeb/taff/vtngrp/www/app/code/local/EM/Themeframework/Helper/Theme.php on line 193
2013-11-26T15:26:21+00:00 ERR (3): Warning: implode(): Invalid arguments passed  in /home/doudeb/taff/vtngrp/www/app/code/local/EM/Recentreviewproducts/Block/List.php on line 392
2013-11-26T15:26:21+00:00 ERR (3): Notice: Undefined index: fluid  in /home/doudeb/taff/vtngrp/www/app/code/local/EM/Themeframework/Helper/Theme.php on line 193
2013-11-26T15:26:21+00:00 ERR (3): Notice: Undefined index: fluid  in /home/doudeb/taff/vtngrp/www/app/code/local/EM/Themeframework/Helper/Theme.php on line 193
2013-11-26T15:26:21+00:00 ERR (3): Notice: Undefined index: fluid  in /home/doudeb/taff/vtngrp/www/app/code/local/EM/Themeframework/Helper/Theme.php on line 183
2013-11-26T15:26:21+00:00 ERR (3): Notice: Undefined index: fluid  in /home/doudeb/taff/vtngrp/www/app/code/local/EM/Themeframework/Helper/Theme.php on line 193
2013-11-26T15:26:21+00:00 ERR (3): Notice: Undefined index: fluid  in /home/doudeb/taff/vtngrp/www/app/code/local/EM/Themeframework/Helper/Theme.php on line 234
2013-11-26T15:26:21+00:00 ERR (3): Notice: Undefined index: fluid  in /home/doudeb/taff/vtngrp/www/app/code/local/EM/Themeframework/Helper/Theme.php on line 244
2013-11-26T15:26:21+00:00 ERR (3): Notice: Undefined index: fluid  in /home/doudeb/taff/vtngrp/www/app/code/local/EM/Themeframework/Helper/Theme.php on line 234
2013-11-26T15:26:21+00:00 ERR (3): Notice: Undefined index: fluid  in /home/doudeb/taff/vtngrp/www/app/code/local/EM/Themeframework/Helper/Theme.php on line 244
2013-11-26T15:31:32+00:00 ERR (3): Notice: Undefined index: fluid  in /home/doudeb/taff/vtngrp/www/app/code/local/EM/Themeframework/Helper/Theme.php on line 234
2013-11-26T15:31:32+00:00 ERR (3): Notice: Undefined index: fluid  in /home/doudeb/taff/vtngrp/www/app/code/local/EM/Themeframework/Helper/Theme.php on line 244
2013-11-26T15:31:32+00:00 ERR (3): Notice: Undefined index: fluid  in /home/doudeb/taff/vtngrp/www/app/code/local/EM/Themeframework/Helper/Theme.php on line 193
2013-11-26T15:31:32+00:00 ERR (3): Notice: Undefined index: fluid  in /home/doudeb/taff/vtngrp/www/app/code/local/EM/Themeframework/Helper/Theme.php on line 193
2013-11-26T15:31:32+00:00 ERR (3): Notice: Undefined index: fluid  in /home/doudeb/taff/vtngrp/www/app/code/local/EM/Themeframework/Helper/Theme.php on line 193
2013-11-26T15:31:32+00:00 ERR (3): Notice: Undefined index: fluid  in /home/doudeb/taff/vtngrp/www/app/code/local/EM/Themeframework/Helper/Theme.php on line 183
2013-11-26T15:31:32+00:00 ERR (3): Notice: Undefined index: fluid  in /home/doudeb/taff/vtngrp/www/app/code/local/EM/Themeframework/Helper/Theme.php on line 193
2013-11-26T15:31:32+00:00 ERR (3): Notice: Undefined index: fluid  in /home/doudeb/taff/vtngrp/www/app/code/local/EM/Themeframework/Helper/Theme.php on line 234
2013-11-26T15:31:32+00:00 ERR (3): Notice: Undefined index: fluid  in /home/doudeb/taff/vtngrp/www/app/code/local/EM/Themeframework/Helper/Theme.php on line 244
2013-11-26T15:31:32+00:00 ERR (3): Notice: Undefined index: fluid  in /home/doudeb/taff/vtngrp/www/app/code/local/EM/Themeframework/Helper/Theme.php on line 234
2013-11-26T15:31:32+00:00 ERR (3): Notice: Undefined index: fluid  in /home/doudeb/taff/vtngrp/www/app/code/local/EM/Themeframework/Helper/Theme.php on line 244
2013-11-26T15:31:49+00:00 ERR (3): Notice: Undefined index: fluid  in /home/doudeb/taff/vtngrp/www/app/code/local/EM/Themeframework/Helper/Theme.php on line 234
2013-11-26T15:31:49+00:00 ERR (3): Notice: Undefined index: fluid  in /home/doudeb/taff/vtngrp/www/app/code/local/EM/Themeframework/Helper/Theme.php on line 244
2013-11-26T15:31:49+00:00 ERR (3): Notice: Undefined index: fluid  in /home/doudeb/taff/vtngrp/www/app/code/local/EM/Themeframework/Helper/Theme.php on line 193
2013-11-26T15:31:50+00:00 ERR (3): Notice: Undefined index: fluid  in /home/doudeb/taff/vtngrp/www/app/code/local/EM/Themeframework/Helper/Theme.php on line 193
2013-11-26T15:31:50+00:00 ERR (3): Notice: Undefined index: fluid  in /home/doudeb/taff/vtngrp/www/app/code/local/EM/Themeframework/Helper/Theme.php on line 193
2013-11-26T15:31:50+00:00 ERR (3): Notice: Undefined index: fluid  in /home/doudeb/taff/vtngrp/www/app/code/local/EM/Themeframework/Helper/Theme.php on line 183
2013-11-26T15:31:50+00:00 ERR (3): Notice: Undefined index: fluid  in /home/doudeb/taff/vtngrp/www/app/code/local/EM/Themeframework/Helper/Theme.php on line 193
2013-11-26T15:31:50+00:00 ERR (3): Notice: Undefined index: fluid  in /home/doudeb/taff/vtngrp/www/app/code/local/EM/Themeframework/Helper/Theme.php on line 234
2013-11-26T15:31:50+00:00 ERR (3): Notice: Undefined index: fluid  in /home/doudeb/taff/vtngrp/www/app/code/local/EM/Themeframework/Helper/Theme.php on line 244
2013-11-26T15:31:50+00:00 ERR (3): Notice: Undefined index: fluid  in /home/doudeb/taff/vtngrp/www/app/code/local/EM/Themeframework/Helper/Theme.php on line 234
2013-11-26T15:31:50+00:00 ERR (3): Notice: Undefined index: fluid  in /home/doudeb/taff/vtngrp/www/app/code/local/EM/Themeframework/Helper/Theme.php on line 244
2013-11-26T15:32:33+00:00 ERR (3): Notice: Undefined index: fluid  in /home/doudeb/taff/vtngrp/www/app/code/local/EM/Themeframework/Helper/Theme.php on line 234
2013-11-26T15:32:33+00:00 ERR (3): Notice: Undefined index: fluid  in /home/doudeb/taff/vtngrp/www/app/code/local/EM/Themeframework/Helper/Theme.php on line 244
2013-11-26T15:32:33+00:00 ERR (3): Notice: Undefined index: fluid  in /home/doudeb/taff/vtngrp/www/app/code/local/EM/Themeframework/Helper/Theme.php on line 193
2013-11-26T15:32:33+00:00 ERR (3): Notice: Undefined index: fluid  in /home/doudeb/taff/vtngrp/www/app/code/local/EM/Themeframework/Helper/Theme.php on line 193
2013-11-26T15:32:33+00:00 ERR (3): Notice: Undefined index: fluid  in /home/doudeb/taff/vtngrp/www/app/code/local/EM/Themeframework/Helper/Theme.php on line 193
2013-11-26T15:32:33+00:00 ERR (3): Notice: Undefined index: fluid  in /home/doudeb/taff/vtngrp/www/app/code/local/EM/Themeframework/Helper/Theme.php on line 183
2013-11-26T15:32:33+00:00 ERR (3): Notice: Undefined index: fluid  in /home/doudeb/taff/vtngrp/www/app/code/local/EM/Themeframework/Helper/Theme.php on line 193
2013-11-26T15:32:33+00:00 ERR (3): Notice: Undefined index: fluid  in /home/doudeb/taff/vtngrp/www/app/code/local/EM/Themeframework/Helper/Theme.php on line 234
2013-11-26T15:32:33+00:00 ERR (3): Notice: Undefined index: fluid  in /home/doudeb/taff/vtngrp/www/app/code/local/EM/Themeframework/Helper/Theme.php on line 244
2013-11-26T15:32:33+00:00 ERR (3): Notice: Undefined index: fluid  in /home/doudeb/taff/vtngrp/www/app/code/local/EM/Themeframework/Helper/Theme.php on line 234
2013-11-26T15:32:33+00:00 ERR (3): Notice: Undefined index: fluid  in /home/doudeb/taff/vtngrp/www/app/code/local/EM/Themeframework/Helper/Theme.php on line 244
2013-11-26T15:54:56+00:00 ERR (3): Notice: Undefined index: fluid  in /home/doudeb/taff/vtngrp/www/app/code/local/EM/Themeframework/Helper/Theme.php on line 234
2013-11-26T15:54:56+00:00 ERR (3): Notice: Undefined index: fluid  in /home/doudeb/taff/vtngrp/www/app/code/local/EM/Themeframework/Helper/Theme.php on line 244
2013-11-26T15:54:56+00:00 ERR (3): Notice: Undefined index: fluid  in /home/doudeb/taff/vtngrp/www/app/code/local/EM/Themeframework/Helper/Theme.php on line 193
2013-11-26T15:54:56+00:00 ERR (3): Notice: Undefined index: fluid  in /home/doudeb/taff/vtngrp/www/app/code/local/EM/Themeframework/Helper/Theme.php on line 193
2013-11-26T15:54:56+00:00 ERR (3): Notice: Undefined index: fluid  in /home/doudeb/taff/vtngrp/www/app/code/local/EM/Themeframework/Helper/Theme.php on line 193
2013-11-26T15:54:56+00:00 ERR (3): Notice: Undefined index: fluid  in /home/doudeb/taff/vtngrp/www/app/code/local/EM/Themeframework/Helper/Theme.php on line 183
2013-11-26T15:54:56+00:00 ERR (3): Notice: Undefined index: fluid  in /home/doudeb/taff/vtngrp/www/app/code/local/EM/Themeframework/Helper/Theme.php on line 193
2013-11-26T15:54:56+00:00 ERR (3): Notice: Undefined index: fluid  in /home/doudeb/taff/vtngrp/www/app/code/local/EM/Themeframework/Helper/Theme.php on line 234
2013-11-26T15:54:56+00:00 ERR (3): Notice: Undefined index: fluid  in /home/doudeb/taff/vtngrp/www/app/code/local/EM/Themeframework/Helper/Theme.php on line 244
2013-11-26T15:54:56+00:00 ERR (3): Notice: Undefined index: fluid  in /home/doudeb/taff/vtngrp/www/app/code/local/EM/Themeframework/Helper/Theme.php on line 234
2013-11-26T15:54:56+00:00 ERR (3): Notice: Undefined index: fluid  in /home/doudeb/taff/vtngrp/www/app/code/local/EM/Themeframework/Helper/Theme.php on line 244
2013-11-26T16:18:29+00:00 ERR (3): Notice: Undefined variable: storeId  in /home/doudeb/taff/vtngrp/www/app/code/local/EM/LayeredNavigation/Block/Adminhtml/Filter/Grid.php on line 24
2013-11-26T16:19:43+00:00 ERR (3): Notice: Undefined index: fluid  in /home/doudeb/taff/vtngrp/www/app/code/local/EM/Themeframework/Helper/Theme.php on line 234
2013-11-26T16:19:43+00:00 ERR (3): Notice: Undefined index: fluid  in /home/doudeb/taff/vtngrp/www/app/code/local/EM/Themeframework/Helper/Theme.php on line 244
2013-11-26T16:19:43+00:00 ERR (3): Notice: Undefined index: fluid  in /home/doudeb/taff/vtngrp/www/app/code/local/EM/Themeframework/Helper/Theme.php on line 193
2013-11-26T16:19:43+00:00 ERR (3): Notice: Undefined index: fluid  in /home/doudeb/taff/vtngrp/www/app/code/local/EM/Themeframework/Helper/Theme.php on line 193
2013-11-26T16:19:43+00:00 ERR (3): Notice: Undefined index: fluid  in /home/doudeb/taff/vtngrp/www/app/code/local/EM/Themeframework/Helper/Theme.php on line 193
2013-11-26T16:19:43+00:00 ERR (3): Notice: Undefined index: fluid  in /home/doudeb/taff/vtngrp/www/app/code/local/EM/Themeframework/Helper/Theme.php on line 183
2013-11-26T16:19:43+00:00 ERR (3): Notice: Undefined index: fluid  in /home/doudeb/taff/vtngrp/www/app/code/local/EM/Themeframework/Helper/Theme.php on line 193
2013-11-26T16:19:43+00:00 ERR (3): Notice: Undefined index: fluid  in /home/doudeb/taff/vtngrp/www/app/code/local/EM/Themeframework/Helper/Theme.php on line 234
2013-11-26T16:19:43+00:00 ERR (3): Notice: Undefined index: fluid  in /home/doudeb/taff/vtngrp/www/app/code/local/EM/Themeframework/Helper/Theme.php on line 244
2013-11-26T16:19:43+00:00 ERR (3): Notice: Undefined index: fluid  in /home/doudeb/taff/vtngrp/www/app/code/local/EM/Themeframework/Helper/Theme.php on line 234
2013-11-26T16:19:43+00:00 ERR (3): Notice: Undefined index: fluid  in /home/doudeb/taff/vtngrp/www/app/code/local/EM/Themeframework/Helper/Theme.php on line 244
2013-11-26T16:19:50+00:00 ERR (3): Notice: Undefined index: fluid  in /home/doudeb/taff/vtngrp/www/app/code/local/EM/Themeframework/Helper/Theme.php on line 234
2013-11-26T16:19:50+00:00 ERR (3): Notice: Undefined index: fluid  in /home/doudeb/taff/vtngrp/www/app/code/local/EM/Themeframework/Helper/Theme.php on line 244
2013-11-26T16:19:50+00:00 ERR (3): Notice: Undefined index: fluid  in /home/doudeb/taff/vtngrp/www/app/code/local/EM/Themeframework/Helper/Theme.php on line 193
2013-11-26T16:19:51+00:00 ERR (3): Notice: Undefined index: fluid  in /home/doudeb/taff/vtngrp/www/app/code/local/EM/Themeframework/Helper/Theme.php on line 193
2013-11-26T16:19:51+00:00 ERR (3): Notice: Undefined index: fluid  in /home/doudeb/taff/vtngrp/www/app/code/local/EM/Themeframework/Helper/Theme.php on line 193
2013-11-26T16:19:51+00:00 ERR (3): Notice: Undefined index: fluid  in /home/doudeb/taff/vtngrp/www/app/code/local/EM/Themeframework/Helper/Theme.php on line 183
2013-11-26T16:19:51+00:00 ERR (3): Notice: Undefined index: fluid  in /home/doudeb/taff/vtngrp/www/app/code/local/EM/Themeframework/Helper/Theme.php on line 193
2013-11-26T16:19:51+00:00 ERR (3): Notice: Undefined index: fluid  in /home/doudeb/taff/vtngrp/www/app/code/local/EM/Themeframework/Helper/Theme.php on line 234
2013-11-26T16:19:51+00:00 ERR (3): Notice: Undefined index: fluid  in /home/doudeb/taff/vtngrp/www/app/code/local/EM/Themeframework/Helper/Theme.php on line 244
2013-11-26T16:19:51+00:00 ERR (3): Notice: Undefined index: fluid  in /home/doudeb/taff/vtngrp/www/app/code/local/EM/Themeframework/Helper/Theme.php on line 234
2013-11-26T16:19:51+00:00 ERR (3): Notice: Undefined index: fluid  in /home/doudeb/taff/vtngrp/www/app/code/local/EM/Themeframework/Helper/Theme.php on line 244
2013-11-26T16:19:54+00:00 ERR (3): Notice: Undefined index: fluid  in /home/doudeb/taff/vtngrp/www/app/code/local/EM/Themeframework/Helper/Theme.php on line 234
2013-11-26T16:19:54+00:00 ERR (3): Notice: Undefined index: fluid  in /home/doudeb/taff/vtngrp/www/app/code/local/EM/Themeframework/Helper/Theme.php on line 244
2013-11-26T16:19:54+00:00 ERR (3): Notice: Undefined index: fluid  in /home/doudeb/taff/vtngrp/www/app/code/local/EM/Themeframework/Helper/Theme.php on line 193
2013-11-26T16:19:55+00:00 ERR (3): Notice: Undefined index: fluid  in /home/doudeb/taff/vtngrp/www/app/code/local/EM/Themeframework/Helper/Theme.php on line 193
2013-11-26T16:19:55+00:00 ERR (3): Notice: Undefined index: fluid  in /home/doudeb/taff/vtngrp/www/app/code/local/EM/Themeframework/Helper/Theme.php on line 193
2013-11-26T16:19:55+00:00 ERR (3): Notice: Undefined index: fluid  in /home/doudeb/taff/vtngrp/www/app/code/local/EM/Themeframework/Helper/Theme.php on line 183
2013-11-26T16:19:55+00:00 ERR (3): Notice: Undefined index: fluid  in /home/doudeb/taff/vtngrp/www/app/code/local/EM/Themeframework/Helper/Theme.php on line 193
2013-11-26T16:19:55+00:00 ERR (3): Notice: Undefined index: fluid  in /home/doudeb/taff/vtngrp/www/app/code/local/EM/Themeframework/Helper/Theme.php on line 234
2013-11-26T16:19:55+00:00 ERR (3): Notice: Undefined index: fluid  in /home/doudeb/taff/vtngrp/www/app/code/local/EM/Themeframework/Helper/Theme.php on line 244
2013-11-26T16:19:55+00:00 ERR (3): Notice: Undefined index: fluid  in /home/doudeb/taff/vtngrp/www/app/code/local/EM/Themeframework/Helper/Theme.php on line 234
2013-11-26T16:19:55+00:00 ERR (3): Notice: Undefined index: fluid  in /home/doudeb/taff/vtngrp/www/app/code/local/EM/Themeframework/Helper/Theme.php on line 244
2013-11-26T16:20:09+00:00 ERR (3): Notice: Undefined index: fluid  in /home/doudeb/taff/vtngrp/www/app/code/local/EM/Themeframework/Helper/Theme.php on line 234
2013-11-26T16:20:09+00:00 ERR (3): Notice: Undefined index: fluid  in /home/doudeb/taff/vtngrp/www/app/code/local/EM/Themeframework/Helper/Theme.php on line 244
2013-11-26T16:20:09+00:00 ERR (3): Notice: Undefined index: fluid  in /home/doudeb/taff/vtngrp/www/app/code/local/EM/Themeframework/Helper/Theme.php on line 193
2013-11-26T16:20:09+00:00 ERR (3): Notice: Undefined index: fluid  in /home/doudeb/taff/vtngrp/www/app/code/local/EM/Themeframework/Helper/Theme.php on line 193
2013-11-26T16:20:09+00:00 ERR (3): Notice: Undefined index: fluid  in /home/doudeb/taff/vtngrp/www/app/code/local/EM/Themeframework/Helper/Theme.php on line 193
2013-11-26T16:20:09+00:00 ERR (3): Notice: Undefined index: fluid  in /home/doudeb/taff/vtngrp/www/app/code/local/EM/Themeframework/Helper/Theme.php on line 183
2013-11-26T16:20:09+00:00 ERR (3): Notice: Undefined index: fluid  in /home/doudeb/taff/vtngrp/www/app/code/local/EM/Themeframework/Helper/Theme.php on line 193
2013-11-26T16:20:09+00:00 ERR (3): Notice: Undefined index: fluid  in /home/doudeb/taff/vtngrp/www/app/code/local/EM/Themeframework/Helper/Theme.php on line 234
2013-11-26T16:20:09+00:00 ERR (3): Notice: Undefined index: fluid  in /home/doudeb/taff/vtngrp/www/app/code/local/EM/Themeframework/Helper/Theme.php on line 244
2013-11-26T16:20:09+00:00 ERR (3): Notice: Undefined index: fluid  in /home/doudeb/taff/vtngrp/www/app/code/local/EM/Themeframework/Helper/Theme.php on line 234
2013-11-26T16:20:09+00:00 ERR (3): Notice: Undefined index: fluid  in /home/doudeb/taff/vtngrp/www/app/code/local/EM/Themeframework/Helper/Theme.php on line 244
2013-11-26T16:23:48+00:00 ERR (3): Notice: Undefined index: fluid  in /home/doudeb/taff/vtngrp/www/app/code/local/EM/Themeframework/Helper/Theme.php on line 234
2013-11-26T16:23:48+00:00 ERR (3): Notice: Undefined index: fluid  in /home/doudeb/taff/vtngrp/www/app/code/local/EM/Themeframework/Helper/Theme.php on line 244
2013-11-26T16:23:48+00:00 ERR (3): Notice: Undefined index: fluid  in /home/doudeb/taff/vtngrp/www/app/code/local/EM/Themeframework/Helper/Theme.php on line 193
2013-11-26T16:23:48+00:00 ERR (3): Notice: Undefined index: fluid  in /home/doudeb/taff/vtngrp/www/app/code/local/EM/Themeframework/Helper/Theme.php on line 193
2013-11-26T16:23:48+00:00 ERR (3): Notice: Undefined index: fluid  in /home/doudeb/taff/vtngrp/www/app/code/local/EM/Themeframework/Helper/Theme.php on line 193
2013-11-26T16:23:48+00:00 ERR (3): Notice: Undefined index: fluid  in /home/doudeb/taff/vtngrp/www/app/code/local/EM/Themeframework/Helper/Theme.php on line 183
2013-11-26T16:23:48+00:00 ERR (3): Notice: Undefined index: fluid  in /home/doudeb/taff/vtngrp/www/app/code/local/EM/Themeframework/Helper/Theme.php on line 193
2013-11-26T16:23:48+00:00 ERR (3): Notice: Undefined index: fluid  in /home/doudeb/taff/vtngrp/www/app/code/local/EM/Themeframework/Helper/Theme.php on line 234
2013-11-26T16:23:48+00:00 ERR (3): Notice: Undefined index: fluid  in /home/doudeb/taff/vtngrp/www/app/code/local/EM/Themeframework/Helper/Theme.php on line 244
2013-11-26T16:23:48+00:00 ERR (3): Notice: Undefined index: fluid  in /home/doudeb/taff/vtngrp/www/app/code/local/EM/Themeframework/Helper/Theme.php on line 234
2013-11-26T16:23:48+00:00 ERR (3): Notice: Undefined index: fluid  in /home/doudeb/taff/vtngrp/www/app/code/local/EM/Themeframework/Helper/Theme.php on line 244
2013-11-26T16:24:06+00:00 ERR (3): Notice: Undefined index: fluid  in /home/doudeb/taff/vtngrp/www/app/code/local/EM/Themeframework/Helper/Theme.php on line 234
2013-11-26T16:24:06+00:00 ERR (3): Notice: Undefined index: fluid  in /home/doudeb/taff/vtngrp/www/app/code/local/EM/Themeframework/Helper/Theme.php on line 244
2013-11-26T16:24:06+00:00 ERR (3): Notice: Undefined index: fluid  in /home/doudeb/taff/vtngrp/www/app/code/local/EM/Themeframework/Helper/Theme.php on line 193
2013-11-26T16:24:06+00:00 ERR (3): Notice: Undefined index: fluid  in /home/doudeb/taff/vtngrp/www/app/code/local/EM/Themeframework/Helper/Theme.php on line 193
2013-11-26T16:24:06+00:00 ERR (3): Notice: Undefined index: fluid  in /home/doudeb/taff/vtngrp/www/app/code/local/EM/Themeframework/Helper/Theme.php on line 193
2013-11-26T16:24:06+00:00 ERR (3): Notice: Undefined index: fluid  in /home/doudeb/taff/vtngrp/www/app/code/local/EM/Themeframework/Helper/Theme.php on line 183
2013-11-26T16:24:06+00:00 ERR (3): Notice: Undefined index: fluid  in /home/doudeb/taff/vtngrp/www/app/code/local/EM/Themeframework/Helper/Theme.php on line 193
2013-11-26T16:24:06+00:00 ERR (3): Notice: Undefined index: fluid  in /home/doudeb/taff/vtngrp/www/app/code/local/EM/Themeframework/Helper/Theme.php on line 234
2013-11-26T16:24:06+00:00 ERR (3): Notice: Undefined index: fluid  in /home/doudeb/taff/vtngrp/www/app/code/local/EM/Themeframework/Helper/Theme.php on line 244
2013-11-26T16:24:06+00:00 ERR (3): Notice: Undefined index: fluid  in /home/doudeb/taff/vtngrp/www/app/code/local/EM/Themeframework/Helper/Theme.php on line 234
2013-11-26T16:24:06+00:00 ERR (3): Notice: Undefined index: fluid  in /home/doudeb/taff/vtngrp/www/app/code/local/EM/Themeframework/Helper/Theme.php on line 244
2013-11-26T16:24:32+00:00 ERR (3): Notice: Undefined index: fluid  in /home/doudeb/taff/vtngrp/www/app/code/local/EM/Themeframework/Helper/Theme.php on line 234
2013-11-26T16:24:32+00:00 ERR (3): Notice: Undefined index: fluid  in /home/doudeb/taff/vtngrp/www/app/code/local/EM/Themeframework/Helper/Theme.php on line 244
2013-11-26T16:24:32+00:00 ERR (3): Notice: Undefined index: fluid  in /home/doudeb/taff/vtngrp/www/app/code/local/EM/Themeframework/Helper/Theme.php on line 193
2013-11-26T16:24:32+00:00 ERR (3): Notice: Undefined index: fluid  in /home/doudeb/taff/vtngrp/www/app/code/local/EM/Themeframework/Helper/Theme.php on line 193
2013-11-26T16:24:32+00:00 ERR (3): Notice: Undefined index: fluid  in /home/doudeb/taff/vtngrp/www/app/code/local/EM/Themeframework/Helper/Theme.php on line 193
2013-11-26T16:24:32+00:00 ERR (3): Notice: Undefined index: fluid  in /home/doudeb/taff/vtngrp/www/app/code/local/EM/Themeframework/Helper/Theme.php on line 183
2013-11-26T16:24:32+00:00 ERR (3): Notice: Undefined index: fluid  in /home/doudeb/taff/vtngrp/www/app/code/local/EM/Themeframework/Helper/Theme.php on line 193
2013-11-26T16:24:32+00:00 ERR (3): Notice: Undefined index: fluid  in /home/doudeb/taff/vtngrp/www/app/code/local/EM/Themeframework/Helper/Theme.php on line 234
2013-11-26T16:24:32+00:00 ERR (3): Notice: Undefined index: fluid  in /home/doudeb/taff/vtngrp/www/app/code/local/EM/Themeframework/Helper/Theme.php on line 244
2013-11-26T16:24:32+00:00 ERR (3): Notice: Undefined index: fluid  in /home/doudeb/taff/vtngrp/www/app/code/local/EM/Themeframework/Helper/Theme.php on line 234
2013-11-26T16:24:32+00:00 ERR (3): Notice: Undefined index: fluid  in /home/doudeb/taff/vtngrp/www/app/code/local/EM/Themeframework/Helper/Theme.php on line 244
2013-11-26T16:24:40+00:00 ERR (3): Notice: Undefined index: fluid  in /home/doudeb/taff/vtngrp/www/app/code/local/EM/Themeframework/Helper/Theme.php on line 234
2013-11-26T16:24:40+00:00 ERR (3): Notice: Undefined index: fluid  in /home/doudeb/taff/vtngrp/www/app/code/local/EM/Themeframework/Helper/Theme.php on line 244
2013-11-26T16:24:40+00:00 ERR (3): Notice: Undefined index: fluid  in /home/doudeb/taff/vtngrp/www/app/code/local/EM/Themeframework/Helper/Theme.php on line 193
2013-11-26T16:24:41+00:00 ERR (3): Notice: Undefined index: fluid  in /home/doudeb/taff/vtngrp/www/app/code/local/EM/Themeframework/Helper/Theme.php on line 193
2013-11-26T16:24:41+00:00 ERR (3): Notice: Undefined index: fluid  in /home/doudeb/taff/vtngrp/www/app/code/local/EM/Themeframework/Helper/Theme.php on line 193
2013-11-26T16:24:41+00:00 ERR (3): Notice: Undefined index: fluid  in /home/doudeb/taff/vtngrp/www/app/code/local/EM/Themeframework/Helper/Theme.php on line 183
2013-11-26T16:24:41+00:00 ERR (3): Notice: Undefined index: fluid  in /home/doudeb/taff/vtngrp/www/app/code/local/EM/Themeframework/Helper/Theme.php on line 193
2013-11-26T16:24:41+00:00 ERR (3): Notice: Undefined index: fluid  in /home/doudeb/taff/vtngrp/www/app/code/local/EM/Themeframework/Helper/Theme.php on line 234
2013-11-26T16:24:41+00:00 ERR (3): Notice: Undefined index: fluid  in /home/doudeb/taff/vtngrp/www/app/code/local/EM/Themeframework/Helper/Theme.php on line 244
2013-11-26T16:24:41+00:00 ERR (3): Notice: Undefined index: fluid  in /home/doudeb/taff/vtngrp/www/app/code/local/EM/Themeframework/Helper/Theme.php on line 234
2013-11-26T16:24:41+00:00 ERR (3): Notice: Undefined index: fluid  in /home/doudeb/taff/vtngrp/www/app/code/local/EM/Themeframework/Helper/Theme.php on line 244
2013-11-26T16:24:47+00:00 ERR (3): Notice: Undefined index: fluid  in /home/doudeb/taff/vtngrp/www/app/code/local/EM/Themeframework/Helper/Theme.php on line 234
2013-11-26T16:24:47+00:00 ERR (3): Notice: Undefined index: fluid  in /home/doudeb/taff/vtngrp/www/app/code/local/EM/Themeframework/Helper/Theme.php on line 244
2013-11-26T16:24:47+00:00 ERR (3): Notice: Undefined index: fluid  in /home/doudeb/taff/vtngrp/www/app/code/local/EM/Themeframework/Helper/Theme.php on line 193
2013-11-26T16:24:47+00:00 ERR (3): Notice: Undefined index: fluid  in /home/doudeb/taff/vtngrp/www/app/code/local/EM/Themeframework/Helper/Theme.php on line 193
2013-11-26T16:24:47+00:00 ERR (3): Notice: Undefined index: fluid  in /home/doudeb/taff/vtngrp/www/app/code/local/EM/Themeframework/Helper/Theme.php on line 193
2013-11-26T16:24:47+00:00 ERR (3): Notice: Undefined index: fluid  in /home/doudeb/taff/vtngrp/www/app/code/local/EM/Themeframework/Helper/Theme.php on line 183
2013-11-26T16:24:47+00:00 ERR (3): Notice: Undefined index: fluid  in /home/doudeb/taff/vtngrp/www/app/code/local/EM/Themeframework/Helper/Theme.php on line 193
2013-11-26T16:24:47+00:00 ERR (3): Notice: Undefined index: fluid  in /home/doudeb/taff/vtngrp/www/app/code/local/EM/Themeframework/Helper/Theme.php on line 234
2013-11-26T16:24:47+00:00 ERR (3): Notice: Undefined index: fluid  in /home/doudeb/taff/vtngrp/www/app/code/local/EM/Themeframework/Helper/Theme.php on line 244
2013-11-26T16:24:47+00:00 ERR (3): Notice: Undefined index: fluid  in /home/doudeb/taff/vtngrp/www/app/code/local/EM/Themeframework/Helper/Theme.php on line 234
2013-11-26T16:24:47+00:00 ERR (3): Notice: Undefined index: fluid  in /home/doudeb/taff/vtngrp/www/app/code/local/EM/Themeframework/Helper/Theme.php on line 244
2013-11-26T16:28:57+00:00 ERR (3): Notice: Undefined index: fluid  in /home/doudeb/taff/vtngrp/www/app/code/local/EM/Themeframework/Helper/Theme.php on line 234
2013-11-26T16:28:57+00:00 ERR (3): Notice: Undefined index: fluid  in /home/doudeb/taff/vtngrp/www/app/code/local/EM/Themeframework/Helper/Theme.php on line 244
2013-11-26T16:28:57+00:00 ERR (3): Notice: Undefined index: fluid  in /home/doudeb/taff/vtngrp/www/app/code/local/EM/Themeframework/Helper/Theme.php on line 193
2013-11-26T16:28:57+00:00 ERR (3): Notice: Undefined index: fluid  in /home/doudeb/taff/vtngrp/www/app/code/local/EM/Themeframework/Helper/Theme.php on line 193
2013-11-26T16:28:57+00:00 ERR (3): Notice: Undefined index: fluid  in /home/doudeb/taff/vtngrp/www/app/code/local/EM/Themeframework/Helper/Theme.php on line 193
2013-11-26T16:28:57+00:00 ERR (3): Notice: Undefined index: fluid  in /home/doudeb/taff/vtngrp/www/app/code/local/EM/Themeframework/Helper/Theme.php on line 183
2013-11-26T16:28:57+00:00 ERR (3): Notice: Undefined index: fluid  in /home/doudeb/taff/vtngrp/www/app/code/local/EM/Themeframework/Helper/Theme.php on line 193
2013-11-26T16:28:57+00:00 ERR (3): Notice: Undefined index: fluid  in /home/doudeb/taff/vtngrp/www/app/code/local/EM/Themeframework/Helper/Theme.php on line 234
2013-11-26T16:28:57+00:00 ERR (3): Notice: Undefined index: fluid  in /home/doudeb/taff/vtngrp/www/app/code/local/EM/Themeframework/Helper/Theme.php on line 244
2013-11-26T16:28:57+00:00 ERR (3): Notice: Undefined index: fluid  in /home/doudeb/taff/vtngrp/www/app/code/local/EM/Themeframework/Helper/Theme.php on line 234
2013-11-26T16:28:57+00:00 ERR (3): Notice: Undefined index: fluid  in /home/doudeb/taff/vtngrp/www/app/code/local/EM/Themeframework/Helper/Theme.php on line 244
2013-11-26T16:31:52+00:00 ERR (3): Notice: Undefined index: fluid  in /home/doudeb/taff/vtngrp/www/app/code/local/EM/Themeframework/Helper/Theme.php on line 234
2013-11-26T16:31:52+00:00 ERR (3): Notice: Undefined index: fluid  in /home/doudeb/taff/vtngrp/www/app/code/local/EM/Themeframework/Helper/Theme.php on line 244
2013-11-26T16:31:52+00:00 ERR (3): Notice: Undefined index: fluid  in /home/doudeb/taff/vtngrp/www/app/code/local/EM/Themeframework/Helper/Theme.php on line 193
2013-11-26T16:31:52+00:00 ERR (3): Notice: Undefined index: fluid  in /home/doudeb/taff/vtngrp/www/app/code/local/EM/Themeframework/Helper/Theme.php on line 193
2013-11-26T16:31:52+00:00 ERR (3): Notice: Undefined index: fluid  in /home/doudeb/taff/vtngrp/www/app/code/local/EM/Themeframework/Helper/Theme.php on line 193
2013-11-26T16:31:52+00:00 ERR (3): Notice: Undefined index: fluid  in /home/doudeb/taff/vtngrp/www/app/code/local/EM/Themeframework/Helper/Theme.php on line 183
2013-11-26T16:31:52+00:00 ERR (3): Notice: Undefined index: fluid  in /home/doudeb/taff/vtngrp/www/app/code/local/EM/Themeframework/Helper/Theme.php on line 193
2013-11-26T16:31:52+00:00 ERR (3): Notice: Undefined index: fluid  in /home/doudeb/taff/vtngrp/www/app/code/local/EM/Themeframework/Helper/Theme.php on line 234
2013-11-26T16:31:52+00:00 ERR (3): Notice: Undefined index: fluid  in /home/doudeb/taff/vtngrp/www/app/code/local/EM/Themeframework/Helper/Theme.php on line 244
2013-11-26T16:31:52+00:00 ERR (3): Notice: Undefined index: fluid  in /home/doudeb/taff/vtngrp/www/app/code/local/EM/Themeframework/Helper/Theme.php on line 234
2013-11-26T16:31:52+00:00 ERR (3): Notice: Undefined index: fluid  in /home/doudeb/taff/vtngrp/www/app/code/local/EM/Themeframework/Helper/Theme.php on line 244
2013-11-26T16:35:10+00:00 ERR (3): Notice: Undefined index: fluid  in /home/doudeb/taff/vtngrp/www/app/code/local/EM/Themeframework/Helper/Theme.php on line 234
2013-11-26T16:35:10+00:00 ERR (3): Notice: Undefined index: fluid  in /home/doudeb/taff/vtngrp/www/app/code/local/EM/Themeframework/Helper/Theme.php on line 244
2013-11-26T16:35:10+00:00 ERR (3): Notice: Undefined index: fluid  in /home/doudeb/taff/vtngrp/www/app/code/local/EM/Themeframework/Helper/Theme.php on line 193
2013-11-26T16:35:10+00:00 ERR (3): Notice: Undefined index: fluid  in /home/doudeb/taff/vtngrp/www/app/code/local/EM/Themeframework/Helper/Theme.php on line 193
2013-11-26T16:35:10+00:00 ERR (3): Notice: Undefined index: fluid  in /home/doudeb/taff/vtngrp/www/app/code/local/EM/Themeframework/Helper/Theme.php on line 193
2013-11-26T16:35:10+00:00 ERR (3): Notice: Undefined index: fluid  in /home/doudeb/taff/vtngrp/www/app/code/local/EM/Themeframework/Helper/Theme.php on line 183
2013-11-26T16:35:10+00:00 ERR (3): Notice: Undefined index: fluid  in /home/doudeb/taff/vtngrp/www/app/code/local/EM/Themeframework/Helper/Theme.php on line 193
2013-11-26T16:35:10+00:00 ERR (3): Notice: Undefined index: fluid  in /home/doudeb/taff/vtngrp/www/app/code/local/EM/Themeframework/Helper/Theme.php on line 234
2013-11-26T16:35:10+00:00 ERR (3): Notice: Undefined index: fluid  in /home/doudeb/taff/vtngrp/www/app/code/local/EM/Themeframework/Helper/Theme.php on line 244
2013-11-26T16:35:10+00:00 ERR (3): Notice: Undefined index: fluid  in /home/doudeb/taff/vtngrp/www/app/code/local/EM/Themeframework/Helper/Theme.php on line 234
2013-11-26T16:35:10+00:00 ERR (3): Notice: Undefined index: fluid  in /home/doudeb/taff/vtngrp/www/app/code/local/EM/Themeframework/Helper/Theme.php on line 244
2013-11-26T16:37:22+00:00 ERR (3): Notice: Undefined index: fluid  in /home/doudeb/taff/vtngrp/www/app/code/local/EM/Themeframework/Helper/Theme.php on line 234
2013-11-26T16:37:22+00:00 ERR (3): Notice: Undefined index: fluid  in /home/doudeb/taff/vtngrp/www/app/code/local/EM/Themeframework/Helper/Theme.php on line 244
2013-11-26T16:37:22+00:00 ERR (3): Notice: Undefined index: fluid  in /home/doudeb/taff/vtngrp/www/app/code/local/EM/Themeframework/Helper/Theme.php on line 193
2013-11-26T16:37:22+00:00 ERR (3): Notice: Undefined index: fluid  in /home/doudeb/taff/vtngrp/www/app/code/local/EM/Themeframework/Helper/Theme.php on line 193
2013-11-26T16:37:22+00:00 ERR (3): Notice: Undefined index: fluid  in /home/doudeb/taff/vtngrp/www/app/code/local/EM/Themeframework/Helper/Theme.php on line 193
2013-11-26T16:37:22+00:00 ERR (3): Notice: Undefined index: fluid  in /home/doudeb/taff/vtngrp/www/app/code/local/EM/Themeframework/Helper/Theme.php on line 183
2013-11-26T16:37:22+00:00 ERR (3): Notice: Undefined index: fluid  in /home/doudeb/taff/vtngrp/www/app/code/local/EM/Themeframework/Helper/Theme.php on line 193
2013-11-26T16:37:22+00:00 ERR (3): Notice: Undefined index: fluid  in /home/doudeb/taff/vtngrp/www/app/code/local/EM/Themeframework/Helper/Theme.php on line 234
2013-11-26T16:37:22+00:00 ERR (3): Notice: Undefined index: fluid  in /home/doudeb/taff/vtngrp/www/app/code/local/EM/Themeframework/Helper/Theme.php on line 244
2013-11-26T16:37:22+00:00 ERR (3): Notice: Undefined index: fluid  in /home/doudeb/taff/vtngrp/www/app/code/local/EM/Themeframework/Helper/Theme.php on line 234
2013-11-26T16:37:22+00:00 ERR (3): Notice: Undefined index: fluid  in /home/doudeb/taff/vtngrp/www/app/code/local/EM/Themeframework/Helper/Theme.php on line 244
2013-11-26T16:38:58+00:00 ERR (3): Notice: Undefined index: fluid  in /home/doudeb/taff/vtngrp/www/app/code/local/EM/Themeframework/Helper/Theme.php on line 234
2013-11-26T16:38:58+00:00 ERR (3): Notice: Undefined index: fluid  in /home/doudeb/taff/vtngrp/www/app/code/local/EM/Themeframework/Helper/Theme.php on line 244
2013-11-26T16:38:58+00:00 ERR (3): Notice: Undefined index: fluid  in /home/doudeb/taff/vtngrp/www/app/code/local/EM/Themeframework/Helper/Theme.php on line 193
2013-11-26T16:38:58+00:00 ERR (3): Notice: Undefined index: fluid  in /home/doudeb/taff/vtngrp/www/app/code/local/EM/Themeframework/Helper/Theme.php on line 193
2013-11-26T16:38:58+00:00 ERR (3): Notice: Undefined index: fluid  in /home/doudeb/taff/vtngrp/www/app/code/local/EM/Themeframework/Helper/Theme.php on line 193
2013-11-26T16:38:58+00:00 ERR (3): Notice: Undefined index: fluid  in /home/doudeb/taff/vtngrp/www/app/code/local/EM/Themeframework/Helper/Theme.php on line 183
2013-11-26T16:38:58+00:00 ERR (3): Notice: Undefined index: fluid  in /home/doudeb/taff/vtngrp/www/app/code/local/EM/Themeframework/Helper/Theme.php on line 193
2013-11-26T16:38:58+00:00 ERR (3): Notice: Undefined index: fluid  in /home/doudeb/taff/vtngrp/www/app/code/local/EM/Themeframework/Helper/Theme.php on line 234
2013-11-26T16:38:58+00:00 ERR (3): Notice: Undefined index: fluid  in /home/doudeb/taff/vtngrp/www/app/code/local/EM/Themeframework/Helper/Theme.php on line 244
2013-11-26T16:38:58+00:00 ERR (3): Notice: Undefined index: fluid  in /home/doudeb/taff/vtngrp/www/app/code/local/EM/Themeframework/Helper/Theme.php on line 234
2013-11-26T16:38:58+00:00 ERR (3): Notice: Undefined index: fluid  in /home/doudeb/taff/vtngrp/www/app/code/local/EM/Themeframework/Helper/Theme.php on line 244
2013-11-26T16:39:30+00:00 ERR (3): Notice: Undefined index: fluid  in /home/doudeb/taff/vtngrp/www/app/code/local/EM/Themeframework/Helper/Theme.php on line 234
2013-11-26T16:39:30+00:00 ERR (3): Notice: Undefined index: fluid  in /home/doudeb/taff/vtngrp/www/app/code/local/EM/Themeframework/Helper/Theme.php on line 244
2013-11-26T16:39:30+00:00 ERR (3): Notice: Undefined index: fluid  in /home/doudeb/taff/vtngrp/www/app/code/local/EM/Themeframework/Helper/Theme.php on line 193
2013-11-26T16:39:30+00:00 ERR (3): Notice: Undefined index: fluid  in /home/doudeb/taff/vtngrp/www/app/code/local/EM/Themeframework/Helper/Theme.php on line 193
2013-11-26T16:39:30+00:00 ERR (3): Notice: Undefined index: fluid  in /home/doudeb/taff/vtngrp/www/app/code/local/EM/Themeframework/Helper/Theme.php on line 193
2013-11-26T16:39:30+00:00 ERR (3): Notice: Undefined index: fluid  in /home/doudeb/taff/vtngrp/www/app/code/local/EM/Themeframework/Helper/Theme.php on line 183
2013-11-26T16:39:30+00:00 ERR (3): Notice: Undefined index: fluid  in /home/doudeb/taff/vtngrp/www/app/code/local/EM/Themeframework/Helper/Theme.php on line 193
2013-11-26T16:39:30+00:00 ERR (3): Notice: Undefined index: fluid  in /home/doudeb/taff/vtngrp/www/app/code/local/EM/Themeframework/Helper/Theme.php on line 234
2013-11-26T16:39:30+00:00 ERR (3): Notice: Undefined index: fluid  in /home/doudeb/taff/vtngrp/www/app/code/local/EM/Themeframework/Helper/Theme.php on line 244
2013-11-26T16:39:30+00:00 ERR (3): Notice: Undefined index: fluid  in /home/doudeb/taff/vtngrp/www/app/code/local/EM/Themeframework/Helper/Theme.php on line 234
2013-11-26T16:39:30+00:00 ERR (3): Notice: Undefined index: fluid  in /home/doudeb/taff/vtngrp/www/app/code/local/EM/Themeframework/Helper/Theme.php on line 244
2013-11-26T16:43:43+00:00 ERR (3): Notice: Undefined index: fluid  in /home/doudeb/taff/vtngrp/www/app/code/local/EM/Themeframework/Helper/Theme.php on line 234
2013-11-26T16:43:43+00:00 ERR (3): Notice: Undefined index: fluid  in /home/doudeb/taff/vtngrp/www/app/code/local/EM/Themeframework/Helper/Theme.php on line 244
2013-11-26T16:43:43+00:00 ERR (3): Notice: Undefined index: fluid  in /home/doudeb/taff/vtngrp/www/app/code/local/EM/Themeframework/Helper/Theme.php on line 193
2013-11-26T16:43:44+00:00 ERR (3): Notice: Undefined index: fluid  in /home/doudeb/taff/vtngrp/www/app/code/local/EM/Themeframework/Helper/Theme.php on line 193
2013-11-26T16:43:44+00:00 ERR (3): Notice: Undefined index: fluid  in /home/doudeb/taff/vtngrp/www/app/code/local/EM/Themeframework/Helper/Theme.php on line 193
2013-11-26T16:43:44+00:00 ERR (3): Notice: Undefined index: fluid  in /home/doudeb/taff/vtngrp/www/app/code/local/EM/Themeframework/Helper/Theme.php on line 183
2013-11-26T16:43:44+00:00 ERR (3): Notice: Undefined index: fluid  in /home/doudeb/taff/vtngrp/www/app/code/local/EM/Themeframework/Helper/Theme.php on line 193
2013-11-26T16:43:44+00:00 ERR (3): Notice: Undefined index: fluid  in /home/doudeb/taff/vtngrp/www/app/code/local/EM/Themeframework/Helper/Theme.php on line 234
2013-11-26T16:43:44+00:00 ERR (3): Notice: Undefined index: fluid  in /home/doudeb/taff/vtngrp/www/app/code/local/EM/Themeframework/Helper/Theme.php on line 244
2013-11-26T16:43:44+00:00 ERR (3): Notice: Undefined index: fluid  in /home/doudeb/taff/vtngrp/www/app/code/local/EM/Themeframework/Helper/Theme.php on line 234
2013-11-26T16:43:44+00:00 ERR (3): Notice: Undefined index: fluid  in /home/doudeb/taff/vtngrp/www/app/code/local/EM/Themeframework/Helper/Theme.php on line 244
2013-11-26T16:43:50+00:00 ERR (3): Notice: Undefined index: fluid  in /home/doudeb/taff/vtngrp/www/app/code/local/EM/Themeframework/Helper/Theme.php on line 234
2013-11-26T16:43:50+00:00 ERR (3): Notice: Undefined index: fluid  in /home/doudeb/taff/vtngrp/www/app/code/local/EM/Themeframework/Helper/Theme.php on line 244
2013-11-26T16:43:50+00:00 ERR (3): Notice: Undefined index: fluid  in /home/doudeb/taff/vtngrp/www/app/code/local/EM/Themeframework/Helper/Theme.php on line 193
2013-11-26T16:43:50+00:00 ERR (3): Notice: Undefined index: fluid  in /home/doudeb/taff/vtngrp/www/app/code/local/EM/Themeframework/Helper/Theme.php on line 193
2013-11-26T16:43:50+00:00 ERR (3): Notice: Undefined index: fluid  in /home/doudeb/taff/vtngrp/www/app/code/local/EM/Themeframework/Helper/Theme.php on line 193
2013-11-26T16:43:50+00:00 ERR (3): Notice: Undefined index: fluid  in /home/doudeb/taff/vtngrp/www/app/code/local/EM/Themeframework/Helper/Theme.php on line 183
2013-11-26T16:43:50+00:00 ERR (3): Notice: Undefined index: fluid  in /home/doudeb/taff/vtngrp/www/app/code/local/EM/Themeframework/Helper/Theme.php on line 193
2013-11-26T16:43:50+00:00 ERR (3): Notice: Undefined index: fluid  in /home/doudeb/taff/vtngrp/www/app/code/local/EM/Themeframework/Helper/Theme.php on line 234
2013-11-26T16:43:50+00:00 ERR (3): Notice: Undefined index: fluid  in /home/doudeb/taff/vtngrp/www/app/code/local/EM/Themeframework/Helper/Theme.php on line 244
2013-11-26T16:43:50+00:00 ERR (3): Notice: Undefined index: fluid  in /home/doudeb/taff/vtngrp/www/app/code/local/EM/Themeframework/Helper/Theme.php on line 234
2013-11-26T16:43:50+00:00 ERR (3): Notice: Undefined index: fluid  in /home/doudeb/taff/vtngrp/www/app/code/local/EM/Themeframework/Helper/Theme.php on line 244
2013-11-27T08:37:59+00:00 ERR (3): Notice: Undefined index: fluid  in /home/doudeb/taff/vtngrp/www/app/code/local/EM/Themeframework/Helper/Theme.php on line 234
2013-11-27T08:37:59+00:00 ERR (3): Notice: Undefined index: fluid  in /home/doudeb/taff/vtngrp/www/app/code/local/EM/Themeframework/Helper/Theme.php on line 244
2013-11-27T08:37:59+00:00 ERR (3): Notice: Undefined index: fluid  in /home/doudeb/taff/vtngrp/www/app/code/local/EM/Themeframework/Helper/Theme.php on line 193
2013-11-27T08:37:59+00:00 ERR (3): Notice: Undefined index: fluid  in /home/doudeb/taff/vtngrp/www/app/code/local/EM/Themeframework/Helper/Theme.php on line 193
2013-11-27T08:37:59+00:00 ERR (3): Notice: Undefined index: fluid  in /home/doudeb/taff/vtngrp/www/app/code/local/EM/Themeframework/Helper/Theme.php on line 193
2013-11-27T08:37:59+00:00 ERR (3): Notice: Undefined index: fluid  in /home/doudeb/taff/vtngrp/www/app/code/local/EM/Themeframework/Helper/Theme.php on line 183
2013-11-27T08:37:59+00:00 ERR (3): Notice: Undefined index: fluid  in /home/doudeb/taff/vtngrp/www/app/code/local/EM/Themeframework/Helper/Theme.php on line 193
2013-11-27T08:37:59+00:00 ERR (3): Notice: Undefined index: fluid  in /home/doudeb/taff/vtngrp/www/app/code/local/EM/Themeframework/Helper/Theme.php on line 234
2013-11-27T08:37:59+00:00 ERR (3): Notice: Undefined index: fluid  in /home/doudeb/taff/vtngrp/www/app/code/local/EM/Themeframework/Helper/Theme.php on line 244
2013-11-27T08:37:59+00:00 ERR (3): Notice: Undefined index: fluid  in /home/doudeb/taff/vtngrp/www/app/code/local/EM/Themeframework/Helper/Theme.php on line 234
2013-11-27T08:37:59+00:00 ERR (3): Notice: Undefined index: fluid  in /home/doudeb/taff/vtngrp/www/app/code/local/EM/Themeframework/Helper/Theme.php on line 244
